1643
0
1
cd-a 1992
1
2
ehb-b 1992
dab-b 1991
2
6
bi-c 1992
di-c 1991
bih-c 1990
dgj-c 1989
dgc-c 1988
fcd-c 1987
3
6
cbd-d 1992
bjg-d 1991
hcj-d 1990
cd-d 1989
ii-d 1988
bcb-d 1987
4
3
cba-e 1992
d-e 1991
hic-e 1990
5
7
e-f 1992
bda-f 1991
bc-f 1990
jcc-f 1989
ff-f 1988
jbb-f 1987
bdjf-f 1986
6
6
bfg-g 1992
bedj-g 1991
ehc-g 1990
iee-g 1989
eie-g 1988
gic-g 1987
7
1
bfa-h 1992
8
3
bahi-i 1992
gie-i 1991
geg-i 1990
9
4
bi-j 1992
ce-j 1991
heg-j 1990
fbj-j 1989
10
2
bdi-ba 1992
dhf-ba 1991
11
8
gc-bb 1992
bcea-bb 1991
bae-bb 1990
bcb-bb 1989
cd-bb 1988
bgf-bb 1987
bcef-bb 1986
bee-bb 1985
12
6
ddf-bc 1992
baid-bc 1991
ccj-bc 1990
daa-bc 1989
hbf-bc 1988
dgf-bc 1987
13
3
cjb-bd 1992
bejh-bd 1991
cch-bd 1990
14
4
fec-be 1992
babg-be 1991
bbbj-be 1990
beai-be 1989
15
2
dh-bf 1992
hi-bf 1991
16
7
bi-bg 1992
baae-bg 1991
jf-bg 1990
iag-bg 1989
fib-bg 1988
gge-bg 1987
bdii-bg 1986
17
3
hjd-bh 1992
bgeh-bh 1991
ihi-bh 1990
18
5
bc-bi 1992
feh-bi 1991
hej-bi 1990
fic-bi 1989
babg-bi 1988
19
8
bdbf-bj 1992
hcj-bj 1991
dg-bj 1990
ch-bj 1989
cii-bj 1988
db-bj 1987
bc-bj 1986
dhf-bj 1985
20
4
bai-ca 1992
cd-ca 1991
dfg-ca 1990
gjh-ca 1989
21
3
did-cb 1992
dcc-cb 1991
edb-cb 1990
22
4
jgi-cc 1992
ff-cc 1991
dgf-cc 1990
badc-cc 1989
23
6
gfa-cd 1992
fae-cd 1991
bcaj-cd 1990
bhd-cd 1989
ffb-cd 1988
dbg-cd 1987
24
4
bi-ce 1992
ef-ce 1991
jgf-ce 1990
jag-ce 1989
25
5
cc-cf 1992
fhg-cf 1991
bbci-cf 1990
def-cf 1989
eac-cf 1988
26
7
ca-cg 1992
eh-cg 1991
deb-cg 1990
deg-cg 1989
hhc-cg 1988
chb-cg 1987
bd-cg 1986
27
6
cd-ch 1992
bjd-ch 1991
hch-ch 1990
ddb-ch 1989
dji-ch 1988
jgg-ch 1987
28
5
hif-ci 1992
befi-ci 1991
gbg-ci 1990
hfh-ci 1989
bffg-ci 1988
29
3
fbi-cj 1992
egd-cj 1991
bfgd-cj 1990
30
8
gda-da 1992
ea-da 1991
eej-da 1990
bdf-da 1989
beib-da 1988
fai-da 1987
bcei-da 1986
bhd-da 1985
31
7
bgj-db 1992
gi-db 1991
cfj-db 1990
bc-db 1989
cd-db 1988
cbh-db 1987
bbde-db 1986
32
6
iag-dc 1992
jbf-dc 1991
ecg-dc 1990
bbgj-dc 1989
ifh-dc 1988
iej-dc 1987
33
3
dfg-dd 1992
fc-dd 1991
babg-dd 1990
34
4
di-de 1992
ghj-de 1991
eih-de 1990
bhe-de 1989
35
5
gc-df 1992
iei-df 1991
ibf-df 1990
igi-df 1989
bfgb-df 1988
36
8
bed-dg 1992
bdfc-dg 1991
cee-dg 1990
bgfe-dg 1989
bcag-dg 1988
bebe-dg 1987
bcii-dg 1986
hah-dg 1985
37
5
dc-dh 1992
db-dh 1991
gcd-dh 1990
hha-dh 1989
bagf-dh 1988
38
1
haf-di 1992
39
3
gdb-dj 1992
ef-dj 1991
cbh-dj 1990
40
6
dbb-ea 1992
eee-ea 1991
cgg-ea 1990
fda-ea 1989
jff-ea 1988
jjh-ea 1987
41
3
hac-eb 1992
cdi-eb 1991
bbfc-eb 1990
42
5
fc-ec 1992
ci-ec 1991
fi-ec 1990
ege-ec 1989
cdc-ec 1988
43
5
eb-ed 1992
edf-ed 1991
ech-ed 1990
bfdc-ed 1989
bcia-ed 1988
44
3
ejg-ee 1992
cfb-ee 1991
bacc-ee 1990
45
7
cij-ef 1992
bgb-ef 1991
bgd-ef 1990
egh-ef 1989
beeh-ef 1988
cih-ef 1987
ige-ef 1986
46
5
bdj-eg 1992
cbg-eg 1991
ffd-eg 1990
bcd-eg 1989
ggg-eg 1988
47
5
fdd-eh 1992
bjb-eh 1991
bbei-eh 1990
bbfg-eh 1989
gdh-eh 1988
48
6
dff-ei 1992
bb-ei 1991
cbh-ei 1990
bbje-ei 1989
bcjf-ei 1988
jfj-ei 1987
49
3
jia-ej 1992
cd-ej 1991
baig-ej 1990
50
6
bhg-fa 1992
bcb-fa 1991
hg-fa 1990
bc-fa 1989
jji-fa 1988
dhe-fa 1987
51
3
bcch-fb 1992
dfa-fb 1991
bdc-fb 1990
52
5
eab-fc 1992
bcj-fc 1991
jb-fc 1990
fif-fc 1989
bfch-fc 1988
53
4
je-fd 1992
daf-fd 1991
dhe-fd 1990
dd-fd 1989
54
1
jic-fe 1992
55
7
bdf-ff 1992
ic-ff 1991
bed-ff 1990
dbd-ff 1989
bdcg-ff 1988
cje-ff 1987
gb-ff 1986
56
1
bfaf-fg 1992
57
7
jie-fh 1992
jh-fh 1991
jjd-fh 1990
bdb-fh 1989
ccb-fh 1988
d-fh 1987
bejb-fh 1986
58
3
fg-fi 1992
hee-fi 1991
bfdg-fi 1990
59
7
ff-fj 1992
bea-fj 1991
ddg-fj 1990
hfh-fj 1989
bcha-fj 1988
ifd-fj 1987
dbg-fj 1986
60
6
eah-ga 1992
cih-ga 1991
cg-ga 1990
dac-ga 1989
bi-ga 1988
fga-ga 1987
61
2
bbeb-gb 1992
bbjc-gb 1991
62
6
e-gc 1992
j-gc 1991
bga-gc 1990
eie-gc 1989
bdfa-gc 1988
gge-gc 1987
63
8
gfb-gd 1992
dbf-gd 1991
je-gd 1990
icd-gd 1989
dai-gd 1988
daj-gd 1987
cfj-gd 1986
bfgc-gd 1985
64
2
dfi-ge 1992
g-ge 1991
65
1
cgh-gf 1992
66
5
jdj-gg 1992
idf-gg 1991
jhg-gg 1990
cdh-gg 1989
bfjf-gg 1988
67
3
bh-gh 1992
jci-gh 1991
bddh-gh 1990
68
3
ch-gi 1992
cbe-gi 1991
bcff-gi 1990
69
3
edh-gj 1992
baad-gj 1991
gjj-gj 1990
70
3
bda-ha 1992
ecc-ha 1991
db-ha 1990
71
2
iaa-hb 1992
efh-hb 1991
72
4
gg-hc 1992
cif-hc 1991
dbf-hc 1990
ejc-hc 1989
74
7
bcd-he 1992
gig-he 1991
bebb-he 1990
hc-he 1989
gij-he 1988
bgi-he 1987
bcjc-he 1986
75
4
dah-hf 1992
da-hf 1991
bdbc-hf 1990
hie-hf 1989
76
4
dfj-hg 1992
cgj-hg 1991
gbd-hg 1990
bja-hg 1989
77
7
caa-hh 1992
beic-hh 1991
bdh-hh 1990
jae-hh 1989
cae-hh 1988
bjb-hh 1987
gcj-hh 1986
78
5
bac-hi 1992
fa-hi 1991
ihf-hi 1990
iba-hi 1989
baec-hi 1988
79
3
di-hj 1992
gfg-hj 1991
jfc-hj 1990
80
4
ccc-ia 1992
di-ia 1991
bdjd-ia 1990
bfeh-ia 1989
81
4
dea-ib 1992
dad-ib 1991
gia-ib 1990
ghd-ib 1989
82
3
cgi-ic 1992
fdf-ic 1991
bedh-ic 1990
83
4
ebd-id 1992
ej-id 1991
gbg-id 1990
eab-id 1989
84
5
bjd-ie 1992
dej-ie 1991
haj-ie 1990
eeh-ie 1989
fbb-ie 1988
85
3
di-if 1992
bfce-if 1991
bcge-if 1990
86
2
egf-ig 1992
baif-ig 1991
87
3
bba-ih 1992
bcfj-ih 1991
cgh-ih 1990
88
6
eig-ii 1992
bgfi-ii 1991
bacd-ii 1990
dgc-ii 1989
bacj-ii 1988
chf-ii 1987
89
4
dbi-ij 1992
fbc-ij 1991
ife-ij 1990
bcd-ij 1989
90
3
fef-ja 1992
bei-ja 1991
hij-ja 1990
91
4
ehi-jb 1992
jc-jb 1991
bhe-jb 1990
bc-jb 1989
92
6
fci-jc 1992
gii-jc 1991
hj-jc 1990
gbe-jc 1989
bbjg-jc 1988
babi-jc 1987
93
2
fhj-jd 1992
cae-jd 1991
94
6
bbi-je 1992
fcf-je 1991
bfgb-je 1990
bi-je 1989
gdf-je 1988
bfc-je 1987
95
3
iae-jf 1992
dfc-jf 1991
gbd-jf 1990
96
3
ec-jg 1992
beb-jg 1991
daf-jg 1990
97
6
ecj-jh 1992
ei-jh 1991
bcbf-jh 1990
dai-jh 1989
hib-jh 1988
bbfg-jh 1987
98
5
gbe-ji 1992
idd-ji 1991
beaa-ji 1990
bccj-ji 1989
bdjh-ji 1988
99
3
dej-jj 1992
fgf-jj 1991
bcee-jj 1990
100
5
dfi-baa 1992
bfg-baa 1991
fhg-baa 1990
efg-baa 1989
dig-baa 1988
101
4
jhg-bab 1992
ede-bab 1991
eic-bab 1990
chf-bab 1989
102
5
hfi-bac 1992
da-bac 1991
hj-bac 1990
gja-bac 1989
bfe-bac 1988
103
3
bfi-bad 1992
bha-bad 1991
jid-bad 1990
104
4
cd-bae 1992
ceg-bae 1991
dgj-bae 1990
bdga-bae 1989
105
5
cbg-baf 1992
cgb-baf 1991
bcb-baf 1990
cj-baf 1989
bdbh-baf 1988
106
7
bcc-bag 1992
fic-bag 1991
bbfi-bag 1990
dad-bag 1989
ede-bag 1988
baab-bag 1987
bfce-bag 1986
107
6
ddf-bah 1992
bbcc-bah 1991
hbf-bah 1990
deg-bah 1989
ifd-bah 1988
gjh-bah 1987
108
2
bda-bai 1992
cfj-bai 1991
109
6
db-baj 1992
cjg-baj 1991
ddb-baj 1990
chf-baj 1989
bda-baj 1988
eg-baj 1987
110
5
hi-bba 1992
je-bba 1991
dic-bba 1990
fbe-bba 1989
gdc-bba 1988
111
4
bdh-bbb 1992
edb-bbb 1991
fdh-bbb 1990
d-bbb 1989
112
5
dbb-bbc 1992
gbg-bbc 1991
dgb-bbc 1990
jje-bbc 1989
chf-bbc 1988
113
2
bja-bbd 1992
gca-bbd 1991
114
3
cb-bbe 1992
cie-bbe 1991
ehd-bbe 1990
115
5
bej-bbf 1992
dfc-bbf 1991
fj-bbf 1990
bage-bbf 1989
bei-bbf 1988
116
6
cbd-bbg 1992
eba-bbg 1991
bbbj-bbg 1990
eg-bbg 1989
gdc-bbg 1988
iff-bbg 1987
117
3
ehi-bbh 1992
gjh-bbh 1991
bacc-bbh 1990
118
9
bca-bbi 1992
beb-bbi 1991
ige-bbi 1990
ib-bbi 1989
cea-bbi 1988
cbb-bbi 1987
bech-bbi 1986
gfd-bbi 1985
beeh-bbi 1984
119
7
bbf-bbj 1992
gjh-bbj 1991
ige-bbj 1990
baja-bbj 1989
bbag-bbj 1988
eh-bbj 1987
fag-bbj 1986
120
6
gaf-bca 1992
cc-bca 1991
bae-bca 1990
gae-bca 1989
cji-bca 1988
eae-bca 1987
121
4
bdea-bcb 1992
bbgc-bcb 1991
bbdg-bcb 1990
fba-bcb 1989
122
7
bjd-bcc 1992
jg-bcc 1991
hgb-bcc 1990
gfi-bcc 1989
bebg-bcc 1988
bbab-bcc 1987
bbff-bcc 1986
123
5
gc-bcd 1992
iie-bcd 1991
ddj-bcd 1990
jec-bcd 1989
eed-bcd 1988
124
8
bb-bce 1992
ccc-bce 1991
fed-bce 1990
gc-bce 1989
bagd-bce 1988
edi-bce 1987
bi-bce 1986
gef-bce 1985
125
4
deg-bcf 1992
gih-bcf 1991
ddj-bcf 1990
cea-bcf 1989
126
7
di-bcg 1992
bhj-bcg 1991
cah-bcg 1990
hcj-bcg 1989
dgg-bcg 1988
dbg-bcg 1987
g-bcg 1986
127
6
dfd-bch 1992
bfc-bch 1991
bgbf-bch 1990
ecb-bch 1989
fbh-bch 1988
gad-bch 1987
128
7
bbc-bci 1992
fi-bci 1991
fag-bci 1990
bbf-bci 1989
bcbc-bci 1988
bagb-bci 1987
bbhe-bci 1986
129
7
eac-bcj 1992
cjh-bcj 1991
cjg-bcj 1990
icj-bcj 1989
bbf-bcj 1988
bah-bcj 1987
iff-bcj 1986
130
6
ia-bda 1992
fbe-bda 1991
eh-bda 1990
dhg-bda 1989
dfj-bda 1988
ffa-bda 1987
131
8
bfc-bdb 1992
cda-bdb 1991
fib-bdb 1990
jbg-bdb 1989
bhb-bdb 1988
djh-bdb 1987
deh-bdb 1986
efd-bdb 1985
132
9
bec-bdc 1992
cfc-bdc 1991
bbah-bdc 1990
bbfe-bdc 1989
bbjh-bdc 1988
jbg-bdc 1987
fdc-bdc 1986
bfea-bdc 1985
fee-bdc 1984
133
5
bjf-bdd 1992
efa-bdd 1991
bja-bdd 1990
bece-bdd 1989
bcgc-bdd 1988
134
6
bdh-bde 1992
hhi-bde 1991
bba-bde 1990
beec-bde 1989
iah-bde 1988
gge-bde 1987
135
6
hc-bdf 1992
bhe-bdf 1991
gbf-bdf 1990
gea-bdf 1989
bbab-bdf 1988
hcg-bdf 1987
136
8
bcc-bdg 1992
dhi-bdg 1991
ch-bdg 1990
djj-bdg 1989
cha-bdg 1988
jdg-bdg 1987
bbij-bdg 1986
bahh-bdg 1985
137
4
ce-bdh 1992
edg-bdh 1991
feh-bdh 1990
jjg-bdh 1989
138
6
bcfj-bdi 1992
bffi-bdi 1991
jbe-bdi 1990
ich-bdi 1989
gci-bdi 1988
iic-bdi 1987
139
7
ffb-bdj 1992
igg-bdj 1991
igb-bdj 1990
bbbh-bdj 1989
hhc-bdj 1988
jfe-bdj 1987
geh-bdj 1986
140
4
cdh-bea 1992
fif-bea 1991
dgb-bea 1990
dgc-bea 1989
141
8
cbe-beb 1992
fe-beb 1991
ffd-beb 1990
cbg-beb 1989
edh-beb 1988
djg-beb 1987
dci-beb 1986
hia-beb 1985
142
8
hff-bec 1992
bdh-bec 1991
ica-bec 1990
eei-bec 1989
ii-bec 1988
hj-bec 1987
bdei-bec 1986
hea-bec 1985
143
6
bhc-bed 1992
cfa-bed 1991
ica-bed 1990
feh-bed 1989
begd-bed 1988
cd-bed 1987
144
5
cfa-bee 1992
bbej-bee 1991
dfg-bee 1990
gjd-bee 1989
bgbe-bee 1988
145
4
jei-bef 1992
bjd-bef 1991
fgj-bef 1990
dai-bef 1989
146
5
bja-beg 1992
ea-beg 1991
hgd-beg 1990
fei-beg 1989
bef-beg 1988
147
9
gdd-beh 1992
ih-beh 1991
ccg-beh 1990
ef-beh 1989
cia-beh 1988
jbj-beh 1987
bab-beh 1986
hi-beh 1985
ieh-beh 1984
148
5
becg-bei 1992
jbi-bei 1991
bcgi-bei 1990
fge-bei 1989
jca-bei 1988
149
5
bdb-bej 1992
cdi-bej 1991
dbi-bej 1990
bec-bej 1989
fif-bej 1988
150
5
ddd-bfa 1992
ifi-bfa 1991
egg-bfa 1990
cdf-bfa 1989
cjd-bfa 1988
151
2
fda-bfb 1992
bdji-bfb 1991
152
9
cdb-bfc 1992
fbb-bfc 1991
cei-bfc 1990
fcb-bfc 1989
dhb-bfc 1988
ifh-bfc 1987
gbi-bfc 1986
bafi-bfc 1985
dcb-bfc 1984
153
4
bif-bfd 1992
jgi-bfd 1991
cie-bfd 1990
haa-bfd 1989
154
5
hff-bfe 1992
gbc-bfe 1991
cgh-bfe 1990
dch-bfe 1989
baea-bfe 1988
155
4
fdh-bff 1992
bcie-bff 1991
gfe-bff 1990
eec-bff 1989
156
8
dae-bfg 1992
be-bfg 1991
bef-bfg 1990
fh-bfg 1989
efi-bfg 1988
hj-bfg 1987
hhe-bfg 1986
bgac-bfg 1985
157
4
bae-bfh 1992
gcj-bfh 1991
baf-bfh 1990
eaa-bfh 1989
158
7
jhe-bfi 1992
ecj-bfi 1991
bacf-bfi 1990
ich-bfi 1989
idg-bfi 1988
gaa-bfi 1987
bgci-bfi 1986
159
5
ded-bfj 1992
gce-bfj 1991
gif-bfj 1990
jjj-bfj 1989
bii-bfj 1988
160
3
dij-bga 1992
efe-bga 1991
hbd-bga 1990
161
6
dff-bgb 1992
bcga-bgb 1991
bahe-bgb 1990
bedd-bgb 1989
cgc-bgb 1988
hea-bgb 1987
162
7
cdb-bgc 1992
cff-bgc 1991
fd-bgc 1990
ehc-bgc 1989
ffi-bgc 1988
cgd-bgc 1987
bdeh-bgc 1986
163
5
dbj-bgd 1992
f-bgd 1991
gd-bgd 1990
bgdh-bgd 1989
edg-bgd 1988
164
3
d-bge 1992
hci-bge 1991
jif-bge 1990
165
4
bd-bgf 1992
bie-bgf 1991
baih-bgf 1990
iaa-bgf 1989
166
6
id-bgg 1992
babe-bgg 1991
bdde-bgg 1990
heh-bgg 1989
ehg-bgg 1988
bcaa-bgg 1987
167
5
be-bgh 1992
cgg-bgh 1991
cej-bgh 1990
bfgh-bgh 1989
dbg-bgh 1988
168
8
dda-bgi 1992
cej-bgi 1991
baa-bgi 1990
bc-bgi 1989
eij-bgi 1988
bhh-bgi 1987
cbi-bgi 1986
daj-bgi 1985
169
5
bffe-bgj 1992
djh-bgj 1991
hbh-bgj 1990
jai-bgj 1989
hch-bgj 1988
170
8
ccd-bha 1992
ddd-bha 1991
fh-bha 1990
edd-bha 1989
bff-bha 1988
bde-bha 1987
bi-bha 1986
gi-bha 1985
171
6
jh-bhb 1992
cda-bhb 1991
fcb-bhb 1990
ih-bhb 1989
bfbi-bhb 1988
hhd-bhb 1987
172
6
eje-bhc 1992
gfg-bhc 1991
edf-bhc 1990
bfe-bhc 1989
bagf-bhc 1988
bbfd-bhc 1987
173
4
bcb-bhd 1992
gii-bhd 1991
hj-bhd 1990
eed-bhd 1989
174
5
ebi-bhe 1992
bgj-bhe 1991
chd-bhe 1990
cfe-bhe 1989
daa-bhe 1988
175
6
cgi-bhf 1992
ca-bhf 1991
jga-bhf 1990
dgi-bhf 1989
ech-bhf 1988
bci-bhf 1987
176
7
bci-bhg 1992
cbg-bhg 1991
cfi-bhg 1990
baf-bhg 1989
babb-bhg 1988
iga-bhg 1987
cdi-bhg 1986
177
4
cbc-bhh 1992
cch-bhh 1991
bai-bhh 1990
efe-bhh 1989
178
5
cdb-bhi 1992
bacb-bhi 1991
gbb-bhi 1990
ibh-bhi 1989
eaj-bhi 1988
179
7
dbf-bhj 1992
cb-bhj 1991
hg-bhj 1990
hbc-bhj 1989
fha-bhj 1988
ghd-bhj 1987
bafb-bhj 1986
180
4
dac-bia 1992
bjg-bia 1991
hi-bia 1990
cch-bia 1989
181
3
hjj-bib 1992
fhc-bib 1991
eae-bib 1990
182
4
dc-bic 1992
hdc-bic 1991
eee-bic 1990
baa-bic 1989
183
4
bajd-bid 1992
dec-bid 1991
beh-bid 1990
bef-bid 1989
184
11
bbc-bie 1992
dbe-bie 1991
cdc-bie 1990
bae-bie 1989
bef-bie 1988
cfe-bie 1987
bcc-bie 1986
bde-bie 1985
bcai-bie 1984
eig-bie 1983
hdd-bie 1982
185
5
je-bif 1992
bahf-bif 1991
cji-bif 1990
babf-bif 1989
bgcg-bif 1988
186
2
bdde-big 1992
deg-big 1991
187
4
ccj-bih 1992
hef-bih 1991
dcf-bih 1990
bcff-bih 1989
188
5
caj-bii 1992
dfa-bii 1991
bga-bii 1990
ejd-bii 1989
bcej-bii 1988
189
6
ba-bij 1992
gfi-bij 1991
eab-bij 1990
bcj-bij 1989
cia-bij 1988
cha-bij 1987
190
3
dig-bja 1992
ded-bja 1991
dca-bja 1990
191
4
fed-bjb 1992
db-bjb 1991
bcdb-bjb 1990
bbee-bjb 1989
192
5
ggh-bjc 1992
bagc-bjc 1991
eia-bjc 1990
ibe-bjc 1989
baad-bjc 1988
193
5
gd-bjd 1992
di-bjd 1991
bij-bjd 1990
ghb-bjd 1989
hdg-bjd 1988
194
4
eja-bje 1992
dgf-bje 1991
cga-bje 1990
ecd-bje 1989
195
6
bccc-bjf 1992
hie-bjf 1991
hii-bjf 1990
ecg-bjf 1989
hic-bjf 1988
baff-bjf 1987
196
3
cec-bjg 1992
df-bjg 1991
dih-bjg 1990
197
6
eah-bjh 1992
gfd-bjh 1991
djg-bjh 1990
jeb-bjh 1989
bcb-bjh 1988
cd-bjh 1987
198
4
cgh-bji 1992
fdj-bji 1991
dbg-bji 1990
beeb-bji 1989
199
4
edg-bjj 1992
jhe-bjj 1991
gci-bjj 1990
baad-bjj 1989
200
6
dhc-caa 1992
jgd-caa 1991
hfg-caa 1990
bafd-caa 1989
djj-caa 1988
ecb-caa 1987
201
6
daf-cab 1992
jca-cab 1991
bef-cab 1990
jbg-cab 1989
cjd-cab 1988
bdg-cab 1987
202
5
cgd-cac 1992
bbdh-cac 1991
djc-cac 1990
fid-cac 1989
dbf-cac 1988
203
3
edd-cad 1992
icg-cad 1991
ege-cad 1990
204
8
cci-cae 1992
bea-cae 1991
gdi-cae 1990
chb-cae 1989
jcd-cae 1988
bccg-cae 1987
hhb-cae 1986
bcb-cae 1985
205
3
ghc-caf 1992
gag-caf 1991
bafb-caf 1990
206
4
bbg-cag 1992
fbi-cag 1991
ebb-cag 1990
cie-cag 1989
207
6
fde-cah 1992
ih-cah 1991
fac-cah 1990
cce-cah 1989
bahc-cah 1988
bebe-cah 1987
208
2
gdb-cai 1992
jda-cai 1991
209
4
jh-caj 1992
eba-caj 1991
eji-caj 1990
ghh-caj 1989
210
4
bfi-cba 1992
bccb-cba 1991
bgdd-cba 1990
bbjf-cba 1989
211
5
ca-cbb 1992
da-cbb 1991
be-cbb 1990
ihc-cbb 1989
cge-cbb 1988
212
2
bcdg-cbc 1992
efg-cbc 1991
213
8
bif-cbd 1992
ehe-cbd 1991
jej-cbd 1990
chb-cbd 1989
cec-cbd 1988
eag-cbd 1987
bcdc-cbd 1986
jfc-cbd 1985
214
1
bbcc-cbe 1992
215
3
ceb-cbf 1992
cdj-cbf 1991
bff-cbf 1990
216
4
bdg-cbg 1992
hjj-cbg 1991
bbfi-cbg 1990
becj-cbg 1989
217
5
bfg-cbh 1992
caj-cbh 1991
ej-cbh 1990
jhi-cbh 1989
bhi-cbh 1988
218
3
bdi-cbi 1992
ebh-cbi 1991
ede-cbi 1990
219
5
jec-cbj 1992
hi-cbj 1991
db-cbj 1990
dcf-cbj 1989
gjj-cbj 1988
220
6
cbe-cca 1992
ihg-cca 1991
eea-cca 1990
ehi-cca 1989
bbi-cca 1988
bbdb-cca 1987
221
6
d-ccb 1992
eig-ccb 1991
bjj-ccb 1990
ejj-ccb 1989
ddd-ccb 1988
jeh-ccb 1987
222
3
bcda-ccc 1992
eag-ccc 1991
jfh-ccc 1990
223
6
eae-ccd 1992
dhh-ccd 1991
ecd-ccd 1990
feh-ccd 1989
cjf-ccd 1988
bajb-ccd 1987
224
4
bdc-cce 1992
daf-cce 1991
hdf-cce 1990
bceh-cce 1989
225
7
hcc-ccf 1992
jeg-ccf 1991
bfdd-ccf 1990
ghd-ccf 1989
ga-ccf 1988
dca-ccf 1987
ihi-ccf 1986
226
7
ijd-ccg 1992
hjh-ccg 1991
bih-ccg 1990
ide-ccg 1989
hde-ccg 1988
fhh-ccg 1987
bahi-ccg 1986
227
4
bhe-cch 1992
ice-cch 1991
baaf-cch 1990
egd-cch 1989
228
4
ceb-cci 1992
haf-cci 1991
bbfd-cci 1990
bgbg-cci 1989
229
6
bch-ccj 1992
j-ccj 1991
cch-ccj 1990
gdf-ccj 1989
eeb-ccj 1988
hji-ccj 1987
230
3
dd-cda 1992
jae-cda 1991
ejd-cda 1990
231
4
fcf-cdb 1992
bff-cdb 1991
jaa-cdb 1990
ejg-cdb 1989
232
6
eb-cdc 1992
gac-cdc 1991
ccj-cdc 1990
hjg-cdc 1989
fad-cdc 1988
ddj-cdc 1987
233
2
db-cdd 1992
bebi-cdd 1991
234
7
bjb-cde 1992
bj-cde 1991
fff-cde 1990
bi-cde 1989
bdia-cde 1988
gge-cde 1987
hhb-cde 1986
235
5
dfa-cdf 1992
badh-cdf 1991
bhj-cdf 1990
iee-cdf 1989
fjc-cdf 1988
236
6
cid-cdg 1992
eif-cdg 1991
gcf-cdg 1990
bdf-cdg 1989
bfjd-cdg 1988
dff-cdg 1987
237
3
gd-cdh 1992
gfd-cdh 1991
bbja-cdh 1990
238
4
deb-cdi 1992
jbc-cdi 1991
j-cdi 1990
beha-cdi 1989
239
3
chh-cdj 1992
hgg-cdj 1991
ega-cdj 1990
240
7
if-cea 1992
be-cea 1991
cac-cea 1990
cfi-cea 1989
gbi-cea 1988
che-cea 1987
jaj-cea 1986
241
6
cii-ceb 1992
bch-ceb 1991
dhh-ceb 1990
dfe-ceb 1989
bfj-ceb 1988
bdea-ceb 1987
242
4
bbc-cec 1992
bdg-cec 1991
bad-cec 1990
bajb-cec 1989
243
3
efg-ced 1992
cah-ced 1991
bbgc-ced 1990
244
3
jhc-cee 1992
eej-cee 1991
ic-cee 1990
245
4
bbec-cef 1992
dab-cef 1991
bha-cef 1990
bfi-cef 1989
246
4
bfa-ceg 1992
gdg-ceg 1991
iag-ceg 1990
cah-ceg 1989
247
4
bje-ceh 1992
cic-ceh 1991
gdd-ceh 1990
eeg-ceh 1989
248
5
ddf-cei 1992
bfb-cei 1991
ehj-cei 1990
dgf-cei 1989
fhi-cei 1988
249
8
ef-cej 1992
jej-cej 1991
gig-cej 1990
bda-cej 1989
dif-cej 1988
bh-cej 1987
bbee-cej 1986
bbeg-cej 1985
250
5
eb-cfa 1992
hdi-cfa 1991
ice-cfa 1990
gei-cfa 1989
bdhb-cfa 1988
251
7
fc-cfb 1992
baga-cfb 1991
cea-cfb 1990
fgg-cfb 1989
gje-cfb 1988
g-cfb 1987
fhe-cfb 1986
252
3
eca-cfc 1992
ieg-cfc 1991
gef-cfc 1990
253
6
a-cfd 1992
ccg-cfd 1991
bcdh-cfd 1990
geb-cfd 1989
cje-cfd 1988
bchd-cfd 1987
254
2
jf-cfe 1992
ijc-cfe 1991
255
5
egj-cff 1992
hjf-cff 1991
hda-cff 1990
bafc-cff 1989
ejg-cff 1988
256
4
gic-cfg 1992
ej-cfg 1991
bfdb-cfg 1990
bbdg-cfg 1989
257
7
baj-cfh 1992
gbg-cfh 1991
bee-cfh 1990
cid-cfh 1989
fjh-cfh 1988
bbee-cfh 1987
cie-cfh 1986
258
5
chd-cfi 1992
badf-cfi 1991
eec-cfi 1990
bcfi-cfi 1989
dhi-cfi 1988
259
6
bd-cfj 1992
efb-cfj 1991
fh-cfj 1990
dib-cfj 1989
beb-cfj 1988
cfi-cfj 1987
260
7
dh-cga 1992
cah-cga 1991
cgd-cga 1990
chj-cga 1989
chf-cga 1988
bhb-cga 1987
bcjf-cga 1986
261
5
dch-cgb 1992
dhd-cgb 1991
gdf-cgb 1990
deb-cgb 1989
da-cgb 1988
262
6
cdb-cgc 1992
ee-cgc 1991
hdb-cgc 1990
fji-cgc 1989
hfc-cgc 1988
ica-cgc 1987
263
6
bajg-cgd 1992
bec-cgd 1991
dcj-cgd 1990
bafi-cgd 1989
bafd-cgd 1988
dcf-cgd 1987
264
6
ea-cge 1992
hai-cge 1991
fh-cge 1990
cci-cge 1989
bba-cge 1988
bfc-cge 1987
265
5
dej-cgf 1992
gie-cgf 1991
ibe-cgf 1990
bgbh-cgf 1989
fcc-cgf 1988
266
5
bii-cgg 1992
dib-cgg 1991
bdh-cgg 1990
bgae-cgg 1989
fhc-cgg 1988
267
5
hif-cgh 1992
babb-cgh 1991
cag-cgh 1990
hc-cgh 1989
bdhc-cgh 1988
268
5
ia-cgi 1992
daf-cgi 1991
djh-cgi 1990
fdh-cgi 1989
baaa-cgi 1988
269
4
dgg-cgj 1992
fei-cgj 1991
eag-cgj 1990
ifi-cgj 1989
270
6
bhi-cha 1992
dhj-cha 1991
gfh-cha 1990
dcb-cha 1989
egj-cha 1988
ged-cha 1987
271
3
eci-chb 1992
fff-chb 1991
bcbi-chb 1990
272
5
fjc-chc 1992
hba-chc 1991
jfb-chc 1990
bbfj-chc 1989
jhd-chc 1988
273
4
cjc-chd 1992
ebh-chd 1991
dfj-chd 1990
bfbg-chd 1989
274
4
eah-che 1992
dej-che 1991
dbj-che 1990
befj-che 1989
275
5
ehb-chf 1992
did-chf 1991
hfb-chf 1990
fch-chf 1989
eca-chf 1988
276
4
fc-chg 1992
hja-chg 1991
edh-chg 1990
iab-chg 1989
277
4
ddj-chh 1992
cbb-chh 1991
cid-chh 1990
ca-chh 1989
278
6
hga-chi 1992
cee-chi 1991
ibj-chi 1990
jeh-chi 1989
bbea-chi 1988
bbc-chi 1987
279
6
jg-chj 1992
bgh-chj 1991
dia-chj 1990
fjd-chj 1989
fg-chj 1988
hhi-chj 1987
280
4
cce-cia 1992
jj-cia 1991
jej-cia 1990
eie-cia 1989
281
5
hh-cib 1992
bcce-cib 1991
bdhb-cib 1990
bdhh-cib 1989
eha-cib 1988
282
5
jce-cic 1992
ifd-cic 1991
igc-cic 1990
bbi-cic 1989
dhi-cic 1988
283
11
dfa-cid 1992
fic-cid 1991
bii-cid 1990
ehb-cid 1989
bdh-cid 1988
dfd-cid 1987
hgg-cid 1986
cab-cid 1985
ebi-cid 1984
fcf-cid 1983
cjb-cid 1982
284
3
bih-cie 1992
gg-cie 1991
jfi-cie 1990
285
8
dae-cif 1992
baed-cif 1991
idd-cif 1990
dcb-cif 1989
gfe-cif 1988
dgb-cif 1987
bbai-cif 1986
bcja-cif 1985
286
6
eef-cig 1992
dge-cig 1991
hdd-cig 1990
hai-cig 1989
bbac-cig 1988
hbj-cig 1987
287
2
cda-cih 1992
icg-cih 1991
288
6
gc-cii 1992
cah-cii 1991
dad-cii 1990
gbi-cii 1989
ggd-cii 1988
baha-cii 1987
289
4
cch-cij 1992
bgi-cij 1991
ch-cij 1990
dgf-cij 1989
290
6
dge-cja 1992
ija-cja 1991
ead-cja 1990
ehg-cja 1989
hcj-cja 1988
bcaa-cja 1987
291
4
eei-cjb 1992
bagh-cjb 1991
jbi-cjb 1990
beba-cjb 1989
292
4
db-cjc 1992
bcih-cjc 1991
bada-cjc 1990
bfgi-cjc 1989
293
2
eje-cjd 1992
bdaa-cjd 1991
294
3
fje-cje 1992
bbi-cje 1991
cea-cje 1990
295
3
egf-cjf 1992
cgb-cjf 1991
dba-cjf 1990
296
1
cgb-cjg 1992
297
5
he-cjh 1992
dci-cjh 1991
da-cjh 1990
hhf-cjh 1989
jfd-cjh 1988
298
6
bee-cji 1992
dbj-cji 1991
bdcg-cji 1990
hbd-cji 1989
id-cji 1988
bdce-cji 1987
299
6
fci-cjj 1992
cc-cjj 1991
bcie-cjj 1990
bgh-cjj 1989
bfeb-cjj 1988
jah-cjj 1987
300
6
ih-daa 1992
fh-daa 1991
edd-daa 1990
bbhc-daa 1989
jjb-daa 1988
bfde-daa 1987
301
6
ede-dab 1992
cjh-dab 1991
icf-dab 1990
bace-dab 1989
bef-dab 1988
hi-dab 1987
302
5
de-dac 1992
fgc-dac 1991
bgi-dac 1990
dce-dac 1989
iid-dac 1988
303
4
dab-dad 1992
gcb-dad 1991
gfe-dad 1990
gfd-dad 1989
304
4
ebf-dae 1992
baaa-dae 1991
fce-dae 1990
bcib-dae 1989
305
7
bdag-daf 1992
cha-daf 1991
bddb-daf 1990
jae-daf 1989
fbb-daf 1988
bdcb-daf 1987
badi-daf 1986
306
3
eb-dag 1992
jg-dag 1991
hcd-dag 1990
307
4
cgi-dah 1992
ihj-dah 1991
ggg-dah 1990
ehc-dah 1989
308
6
dhc-dai 1992
chh-dai 1991
ebd-dai 1990
ejb-dai 1989
bafa-dai 1988
bchi-dai 1987
309
6
ebb-daj 1992
fae-daj 1991
dce-daj 1990
dhe-daj 1989
fhj-daj 1988
geh-daj 1987
310
3
bff-dba 1992
gdh-dba 1991
hhj-dba 1990
311
4
dfc-dbb 1992
dgi-dbb 1991
cjb-dbb 1990
eaa-dbb 1989
312
2
dah-dbc 1992
hca-dbc 1991
313
5
bbg-dbd 1992
ceg-dbd 1991
bfg-dbd 1990
bdjf-dbd 1989
gcb-dbd 1988
314
3
dac-dbe 1992
dfh-dbe 1991
bcaf-dbe 1990
315
7
gdc-dbf 1992
ei-dbf 1991
dac-dbf 1990
bbcb-dbf 1989
eid-dbf 1988
baad-dbf 1987
gib-dbf 1986
316
3
ffg-dbg 1992
dab-dbg 1991
iag-dbg 1990
317
5
gfj-dbh 1992
cid-dbh 1991
cdb-dbh 1990
caa-dbh 1989
fha-dbh 1988
318
5
fah-dbi 1992
eia-dbi 1991
ch-dbi 1990
bcaa-dbi 1989
edd-dbi 1988
319
6
cg-dbj 1992
cgb-dbj 1991
bb-dbj 1990
gjf-dbj 1989
dad-dbj 1988
dhd-dbj 1987
320
5
a-dca 1992
badg-dca 1991
bda-dca 1990
bdii-dca 1989
jbi-dca 1988
321
6
efg-dcb 1992
jia-dcb 1991
gbj-dcb 1990
fi-dcb 1989
eda-dcb 1988
gad-dcb 1987
322
9
fbb-dcc 1992
cdd-dcc 1991
eie-dcc 1990
gdi-dcc 1989
ddf-dcc 1988
heg-dcc 1987
chf-dcc 1986
di-dcc 1985
jah-dcc 1984
323
4
gjc-dcd 1992
gda-dcd 1991
cfg-dcd 1990
cg-dcd 1989
324
4
bcg-dce 1992
cce-dce 1991
ebg-dce 1990
jef-dce 1989
325
5
fce-dcf 1992
bhe-dcf 1991
fea-dcf 1990
cgb-dcf 1989
bbja-dcf 1988
326
3
jjj-dcg 1992
cd-dcg 1991
dca-dcg 1990
327
5
eca-dch 1992
cjc-dch 1991
dh-dch 1990
bdgc-dch 1989
jai-dch 1988
328
5
cge-dci 1992
dae-dci 1991
ddg-dci 1990
ehi-dci 1989
bcef-dci 1988
329
5
bde-dcj 1992
dhd-dcj 1991
dbj-dcj 1990
begb-dcj 1989
jcg-dcj 1988
330
4
cea-dda 1992
fjj-dda 1991
dai-dda 1990
bjj-dda 1989
331
6
eig-ddb 1992
cjb-ddb 1991
ddd-ddb 1990
bbdj-ddb 1989
bcea-ddb 1988
bdge-ddb 1987
332
5
ia-ddc 1992
beg-ddc 1991
dac-ddc 1990
bja-ddc 1989
bfjb-ddc 1988
333
4
hed-ddd 1992
gfa-ddd 1991
bci-ddd 1990
beef-ddd 1989
334
9
ifj-dde 1992
fbe-dde 1991
ehd-dde 1990
gaa-dde 1989
dbe-dde 1988
bbj-dde 1987
ejf-dde 1986
d-dde 1985
ghh-dde 1984
335
7
jh-ddf 1992
chf-ddf 1991
bei-ddf 1990
id-ddf 1989
eb-ddf 1988
eij-ddf 1987
fcf-ddf 1986
336
3
cgc-ddg 1992
cdi-ddg 1991
eid-ddg 1990
337
4
edi-ddh 1992
ech-ddh 1991
ef-ddh 1990
baa-ddh 1989
338
6
bjc-ddi 1992
fib-ddi 1991
jja-ddi 1990
cfa-ddi 1989
ef-ddi 1988
ehd-ddi 1987
339
6
ehi-ddj 1992
ccd-ddj 1991
dia-ddj 1990
ihj-ddj 1989
haa-ddj 1988
ecg-ddj 1987
340
6
ebe-dea 1992
dia-dea 1991
bgi-dea 1990
edh-dea 1989
ief-dea 1988
ejd-dea 1987
341
6
hjc-deb 1992
hha-deb 1991
hgj-deb 1990
hfg-deb 1989
fei-deb 1988
cbi-deb 1987
342
5
ba-dec 1992
bg-dec 1991
fdc-dec 1990
bcgh-dec 1989
bfg-dec 1988
343
5
jab-ded 1992
bdbb-ded 1991
ddc-ded 1990
gij-ded 1989
ihf-ded 1988
344
5
fhb-dee 1992
dhc-dee 1991
dej-dee 1990
cia-dee 1989
fji-dee 1988
345
3
ceb-def 1992
bajh-def 1991
jfi-def 1990
346
6
bceg-deg 1992
cdh-deg 1991
cfb-deg 1990
hia-deg 1989
eec-deg 1988
fhd-deg 1987
347
4
gcf-deh 1992
ifa-deh 1991
iji-deh 1990
dj-deh 1989
348
2
gjc-dei 1992
fif-dei 1991
349
4
dif-dej 1992
babg-dej 1991
fda-dej 1990
bcah-dej 1989
350
5
bfb-dfa 1992
eai-dfa 1991
ege-dfa 1990
hab-dfa 1989
fie-dfa 1988
351
3
bde-dfb 1992
ehb-dfb 1991
e-dfb 1990
352
7
cjc-dfc 1992
ghb-dfc 1991
ddc-dfc 1990
eb-dfc 1989
fgg-dfc 1988
ca-dfc 1987
fgj-dfc 1986
353
6
bbae-dfd 1992
gcb-dfd 1991
bga-dfd 1990
da-dfd 1989
bfcc-dfd 1988
idj-dfd 1987
354
4
badc-dfe 1992
ejd-dfe 1991
ii-dfe 1990
baac-dfe 1989
355
5
jha-dff 1992
ife-dff 1991
heg-dff 1990
gie-dff 1989
hii-dff 1988
356
3
cdj-dfg 1992
dhf-dfg 1991
eib-dfg 1990
357
5
hg-dfh 1992
bbcb-dfh 1991
beci-dfh 1990
fee-dfh 1989
fhb-dfh 1988
358
3
baac-dfi 1992
egd-dfi 1991
hgh-dfi 1990
359
3
ejd-dfj 1992
eb-dfj 1991
bbah-dfj 1990
360
5
cb-dga 1992
dgi-dga 1991
g-dga 1990
fff-dga 1989
bcdg-dga 1988
361
2
cad-dgb 1992
bcae-dgb 1991
362
6
c-dgc 1992
bdbb-dgc 1991
jja-dgc 1990
bc-dgc 1989
fib-dgc 1988
jic-dgc 1987
363
9
ifg-dgd 1992
cbc-dgd 1991
ebc-dgd 1990
feh-dgd 1989
ifb-dgd 1988
bfa-dgd 1987
bajj-dgd 1986
badi-dgd 1985
bbjf-dgd 1984
364
6
ifc-dge 1992
hcj-dge 1991
dc-dge 1990
ef-dge 1989
beaa-dge 1988
bccf-dge 1987
365
4
bffd-dgf 1992
dhf-dgf 1991
jfj-dgf 1990
bbba-dgf 1989
366
3
dce-dgg 1992
bced-dgg 1991
bg-dgg 1990
367
2
dff-dgh 1992
idi-dgh 1991
368
5
ceb-dgi 1992
bbf-dgi 1991
cgg-dgi 1990
ibf-dgi 1989
deb-dgi 1988
369
4
ghb-dgj 1992
bcab-dgj 1991
bea-dgj 1990
gg-dgj 1989
370
4
dij-dha 1992
jhi-dha 1991
ecg-dha 1990
dji-dha 1989
371
3
d-dhb 1992
ebh-dhb 1991
bajb-dhb 1990
372
7
ccd-dhc 1992
dfg-dhc 1991
bbed-dhc 1990
bdab-dhc 1989
jii-dhc 1988
bbce-dhc 1987
dbg-dhc 1986
373
6
fhc-dhd 1992
hfh-dhd 1991
cdi-dhd 1990
dgh-dhd 1989
ije-dhd 1988
baeg-dhd 1987
374
6
ehb-dhe 1992
ieg-dhe 1991
dca-dhe 1990
bbhb-dhe 1989
bbii-dhe 1988
bbhi-dhe 1987
375
5
bcf-dhf 1992
ich-dhf 1991
cjd-dhf 1990
ebj-dhf 1989
baga-dhf 1988
376
4
begf-dhg 1992
ida-dhg 1991
beab-dhg 1990
bfe-dhg 1989
377
5
bbb-dhh 1992
gbg-dhh 1991
bbh-dhh 1990
dgf-dhh 1989
bdac-dhh 1988
378
6
fjf-dhi 1992
ebh-dhi 1991
bbbb-dhi 1990
bcab-dhi 1989
fhf-dhi 1988
ihg-dhi 1987
379
7
ecj-dhj 1992
icc-dhj 1991
idc-dhj 1990
begh-dhj 1989
fce-dhj 1988
idf-dhj 1987
ddj-dhj 1986
380
4
jcc-dia 1992
hge-dia 1991
bdc-dia 1990
ecg-dia 1989
381
4
ffd-dib 1992
bgg-dib 1991
cfd-dib 1990
dhj-dib 1989
382
8
hc-dic 1992
bbgj-dic 1991
dih-dic 1990
jff-dic 1989
hhd-dic 1988
fh-dic 1987
ebi-dic 1986
edj-dic 1985
383
6
ccj-did 1992
eii-did 1991
hid-did 1990
bgj-did 1989
dhg-did 1988
bab-did 1987
384
6
fig-die 1992
dci-die 1991
jeb-die 1990
fea-die 1989
fac-die 1988
baag-die 1987
385
1
bbdh-dif 1992
386
3
hih-dig 1992
edj-dig 1991
fcd-dig 1990
387
2
bbjg-dih 1992
fdg-dih 1991
388
2
bdeg-dii 1992
bage-dii 1991
389
5
bacf-dij 1992
eai-dij 1991
cga-dij 1990
hhe-dij 1989
ici-dij 1988
390
2
bdhi-dja 1992
bhe-dja 1991
391
2
eee-djb 1992
jjj-djb 1991
392
3
dba-djc 1992
ddi-djc 1991
jaj-djc 1990
393
6
ceb-djd 1992
jif-djd 1991
jdd-djd 1990
cie-djd 1989
bejh-djd 1988
ifd-djd 1987
394
7
hag-dje 1992
he-dje 1991
ddc-dje 1990
dbh-dje 1989
dbi-dje 1988
bbj-dje 1987
beaj-dje 1986
395
2
di-djf 1992
eha-djf 1991
396
7
bcc-djg 1992
jbc-djg 1991
baa-djg 1990
cji-djg 1989
bceg-djg 1988
efi-djg 1987
hca-djg 1986
397
9
bdh-djh 1992
gai-djh 1991
djb-djh 1990
bif-djh 1989
gdg-djh 1988
beca-djh 1987
ebi-djh 1986
bdef-djh 1985
cjc-djh 1984
398
4
bahj-dji 1992
cic-dji 1991
cha-dji 1990
hhj-dji 1989
399
6
caj-djj 1992
egi-djj 1991
dda-djj 1990
dec-djj 1989
bbc-djj 1988
jib-djj 1987
400
7
jbb-eaa 1992
bif-eaa 1991
hbg-eaa 1990
eji-eaa 1989
ghi-eaa 1988
hjj-eaa 1987
bee-eaa 1986
401
4
fh-eab 1992
bdha-eab 1991
chi-eab 1990
bbga-eab 1989
402
5
jhi-eac 1992
bcc-eac 1991
big-eac 1990
bagg-eac 1989
cej-eac 1988
403
4
dj-ead 1992
chj-ead 1991
dce-ead 1990
caf-ead 1989
404
7
edd-eae 1992
gai-eae 1991
gdc-eae 1990
fed-eae 1989
bic-eae 1988
fhi-eae 1987
icb-eae 1986
405
4
ghj-eaf 1992
jc-eaf 1991
fde-eaf 1990
fgj-eaf 1989
406
5
cfa-eag 1992
ca-eag 1991
hgb-eag 1990
hea-eag 1989
gff-eag 1988
407
5
cgd-eah 1992
gdj-eah 1991
bcaj-eah 1990
eca-eah 1989
bbcf-eah 1988
408
4
ffa-eai 1992
be-eai 1991
efh-eai 1990
bbec-eai 1989
409
4
dfj-eaj 1992
eae-eaj 1991
jfa-eaj 1990
beec-eaj 1989
410
6
cee-eba 1992
bjj-eba 1991
gih-eba 1990
feb-eba 1989
bebc-eba 1988
bif-eba 1987
411
7
fac-ebb 1992
ebg-ebb 1991
ggb-ebb 1990
fff-ebb 1989
beb-ebb 1988
ffd-ebb 1987
iij-ebb 1986
412
3
bjg-ebc 1992
ecb-ebc 1991
baej-ebc 1990
413
8
cag-ebd 1992
cbb-ebd 1991
had-ebd 1990
ejb-ebd 1989
bcce-ebd 1988
dgi-ebd 1987
badb-ebd 1986
bdae-ebd 1985
414
6
ceb-ebe 1992
hfg-ebe 1991
dgb-ebe 1990
ebb-ebe 1989
bfhc-ebe 1988
df-ebe 1987
415
4
bfd-ebf 1992
bge-ebf 1991
fhf-ebf 1990
ijf-ebf 1989
416
3
ghg-ebg 1992
dcf-ebg 1991
fga-ebg 1990
417
4
daf-ebh 1992
hdg-ebh 1991
bahf-ebh 1990
icg-ebh 1989
418
3
ebc-ebi 1992
ebd-ebi 1991
hfe-ebi 1990
419
5
igf-ebj 1992
ghd-ebj 1991
ehi-ebj 1990
djj-ebj 1989
jgc-ebj 1988
420
5
dhi-eca 1992
jff-eca 1991
dbf-eca 1990
eh-eca 1989
jga-eca 1988
421
2
daj-ecb 1992
bchc-ecb 1991
422
10
jc-ecc 1992
ejd-ecc 1991
gce-ecc 1990
bdie-ecc 1989
babd-ecc 1988
idf-ecc 1987
fbe-ecc 1986
cd-ecc 1985
edi-ecc 1984
bdch-ecc 1983
423
3
dha-ecd 1992
fba-ecd 1991
jfj-ecd 1990
424
4
ecd-ece 1992
eeh-ece 1991
ici-ece 1990
eaa-ece 1989
425
6
dc-ecf 1992
eed-ecf 1991
dh-ecf 1990
cib-ecf 1989
dgb-ecf 1988
beh-ecf 1987
426
3
dfa-ecg 1992
fbc-ecg 1991
bcca-ecg 1990
427
5
bajd-ech 1992
fcf-ech 1991
dbh-ech 1990
jjc-ech 1989
hcd-ech 1988
428
4
cei-eci 1992
dh-eci 1991
jac-eci 1990
hcg-eci 1989
429
3
gbj-ecj 1992
fbc-ecj 1991
ihi-ecj 1990
430
7
eai-eda 1992
hbd-eda 1991
igj-eda 1990
bdcg-eda 1989
dgb-eda 1988
bbdb-eda 1987
dhf-eda 1986
431
7
ff-edb 1992
eci-edb 1991
iia-edb 1990
fb-edb 1989
gec-edb 1988
jj-edb 1987
gdd-edb 1986
432
5
ggi-edc 1992
dci-edc 1991
bhb-edc 1990
ihi-edc 1989
baa-edc 1988
433
6
bai-edd 1992
ebd-edd 1991
gag-edd 1990
dfa-edd 1989
bdh-edd 1988
cbe-edd 1987
434
4
ejb-ede 1992
ffi-ede 1991
jbb-ede 1990
jh-ede 1989
435
6
ci-edf 1992
fah-edf 1991
bdag-edf 1990
dic-edf 1989
bdfe-edf 1988
hba-edf 1987
436
6
bgd-edg 1992
ddc-edg 1991
ie-edg 1990
ggd-edg 1989
jgh-edg 1988
cde-edg 1987
437
5
dah-edh 1992
beb-edh 1991
cfj-edh 1990
hcd-edh 1989
bbgb-edh 1988
438
9
ccg-edi 1992
cfj-edi 1991
bjd-edi 1990
bda-edi 1989
baib-edi 1988
gah-edi 1987
gie-edi 1986
eja-edi 1985
egf-edi 1984
439
3
cfb-edj 1992
egj-edj 1991
egf-edj 1990
440
4
djh-eea 1992
igj-eea 1991
bgj-eea 1990
gcc-eea 1989
441
4
bab-eeb 1992
dec-eeb 1991
hei-eeb 1990
hgh-eeb 1989
442
4
cbe-eec 1992
bha-eec 1991
dge-eec 1990
hci-eec 1989
443
4
gcd-eed 1992
jhc-eed 1991
fcg-eed 1990
iaa-eed 1989
444
3
chb-eee 1992
fgi-eee 1991
idg-eee 1990
445
5
jad-eef 1992
dej-eef 1991
bie-eef 1990
bdcd-eef 1989
bdg-eef 1988
446
6
chg-eeg 1992
cfe-eeg 1991
badg-eeg 1990
dcc-eeg 1989
dji-eeg 1988
bfc-eeg 1987
447
3
bcc-eeh 1992
fbd-eeh 1991
gbb-eeh 1990
448
5
ejc-eei 1992
haj-eei 1991
fii-eei 1990
bih-eei 1989
beed-eei 1988
449
4
chc-eej 1992
bcag-eej 1991
bbif-eej 1990
bcih-eej 1989
450
7
ii-efa 1992
dhd-efa 1991
cbb-efa 1990
egc-efa 1989
bccg-efa 1988
hch-efa 1987
jia-efa 1986
451
3
bbgj-efb 1992
eib-efb 1991
ehc-efb 1990
452
4
hd-efc 1992
bhh-efc 1991
fdg-efc 1990
ehd-efc 1989
453
4
bbc-efd 1992
igj-efd 1991
iac-efd 1990
fei-efd 1989
454
2
ija-efe 1992
bcdb-efe 1991
455
5
bbed-eff 1992
fff-eff 1991
hgf-eff 1990
jge-eff 1989
bjf-eff 1988
456
5
daf-efg 1992
fii-efg 1991
bbj-efg 1990
bcad-efg 1989
iib-efg 1988
457
7
fde-efh 1992
ibb-efh 1991
bbeg-efh 1990
dci-efh 1989
igc-efh 1988
ded-efh 1987
iic-efh 1986
458
3
icc-efi 1992
eed-efi 1991
eec-efi 1990
459
6
fje-efj 1992
fhc-efj 1991
efe-efj 1990
gde-efj 1989
bbca-efj 1988
bbfa-efj 1987
460
8
icf-ega 1992
bbac-ega 1991
cgd-ega 1990
cbg-ega 1989
feh-ega 1988
bac-ega 1987
jca-ega 1986
bja-ega 1985
461
6
fdb-egb 1992
efi-egb 1991
cdg-egb 1990
jg-egb 1989
hic-egb 1988
bcdf-egb 1987
462
2
ccj-egc 1992
ddc-egc 1991
463
4
ebd-egd 1992
bbf-egd 1991
bdhg-egd 1990
cfa-egd 1989
464
6
bg-ege 1992
dbb-ege 1991
dib-ege 1990
fdb-ege 1989
ecb-ege 1988
ifi-ege 1987
465
4
cha-egf 1992
fge-egf 1991
eae-egf 1990
ifd-egf 1989
466
5
ed-egg 1992
die-egg 1991
jia-egg 1990
eaj-egg 1989
idd-egg 1988
467
3
gah-egh 1992
cii-egh 1991
iid-egh 1990
468
4
ghc-egi 1992
efa-egi 1991
cdi-egi 1990
hef-egi 1989
469
6
ij-egj 1992
ibi-egj 1991
jj-egj 1990
dbi-egj 1989
baih-egj 1988
jdg-egj 1987
470
6
bjj-eha 1992
bcbi-eha 1991
eid-eha 1990
fgd-eha 1989
bbi-eha 1988
cgh-eha 1987
471
4
bj-ehb 1992
fei-ehb 1991
bfc-ehb 1990
hib-ehb 1989
472
2
cdh-ehc 1992
iad-ehc 1991
473
4
dfd-ehd 1992
hjj-ehd 1991
bffb-ehd 1990
hcb-ehd 1989
474
4
di-ehe 1992
hje-ehe 1991
bebj-ehe 1990
ibh-ehe 1989
475
5
caa-ehf 1992
jgj-ehf 1991
hgh-ehf 1990
cac-ehf 1989
fag-ehf 1988
476
5
cgg-ehg 1992
ddb-ehg 1991
bdgh-ehg 1990
hda-ehg 1989
edf-ehg 1988
477
5
had-ehh 1992
dcc-ehh 1991
gcc-ehh 1990
dad-ehh 1989
ecf-ehh 1988
478
3
fef-ehi 1992
bbeg-ehi 1991
jfd-ehi 1990
479
4
baeh-ehj 1992
hbj-ehj 1991
eci-ehj 1990
bcgj-ehj 1989
480
5
efb-eia 1992
cjj-eia 1991
efc-eia 1990
ddb-eia 1989
bfa-eia 1988
481
4
dg-eib 1992
bcji-eib 1991
bbbe-eib 1990
iih-eib 1989
482
5
ebb-eic 1992
befh-eic 1991
fhi-eic 1990
bfef-eic 1989
bdfb-eic 1988
483
6
fbg-eid 1992
ejg-eid 1991
hc-eid 1990
bddi-eid 1989
bdg-eid 1988
bfhj-eid 1987
484
5
bbaf-eie 1992
gcf-eie 1991
baf-eie 1990
ffj-eie 1989
gbb-eie 1988
485
4
hac-eif 1992
djj-eif 1991
daa-eif 1990
fdf-eif 1989
486
4
ede-eig 1992
fdf-eig 1991
edi-eig 1990
bfeh-eig 1989
487
5
jc-eih 1992
efh-eih 1991
cag-eih 1990
daa-eih 1989
ifi-eih 1988
488
4
fij-eii 1992
cfd-eii 1991
bgb-eii 1990
bfdi-eii 1989
489
5
bje-eij 1992
ief-eij 1991
dfg-eij 1990
dcc-eij 1989
jae-eij 1988
490
3
hej-eja 1992
iaj-eja 1991
babi-eja 1990
491
3
cdi-ejb 1992
bhc-ejb 1991
ibd-ejb 1990
492
6
gji-ejc 1992
eia-ejc 1991
daj-ejc 1990
hgb-ejc 1989
ggd-ejc 1988
bcbe-ejc 1987
493
2
iic-ejd 1992
ige-ejd 1991
494
6
cif-eje 1992
gic-eje 1991
ege-eje 1990
bfj-eje 1989
ebj-eje 1988
iei-eje 1987
495
3
ecf-ejf 1992
bgb-ejf 1991
bfja-ejf 1990
496
4
eb-ejg 1992
ghb-ejg 1991
chd-ejg 1990
feg-ejg 1989
497
4
idi-ejh 1992
bbi-ejh 1991
iaa-ejh 1990
egb-ejh 1989
498
5
dih-eji 1992
cgh-eji 1991
cdd-eji 1990
d-eji 1989
hfb-eji 1988
499
2
hif-ejj 1992
chf-ejj 1991
500
5
dfb-faa 1992
dhg-faa 1991
deg-faa 1990
ice-faa 1989
bbba-faa 1988
501
2
dda-fab 1992
dbf-fab 1991
502
5
cbh-fac 1992
cbi-fac 1991
hdh-fac 1990
hbc-fac 1989
bbii-fac 1988
503
6
cfh-fad 1992
dih-fad 1991
fgd-fad 1990
bdjg-fad 1989
iej-fad 1988
baei-fad 1987
504
4
fej-fae 1992
fje-fae 1991
baba-fae 1990
bdia-fae 1989
505
3
ice-faf 1992
hid-faf 1991
bcja-faf 1990
506
5
jif-fag 1992
ggd-fag 1991
bahb-fag 1990
hcd-fag 1989
dbf-fag 1988
507
2
bjf-fah 1992
jbj-fah 1991
508
5
eff-fai 1992
bcj-fai 1991
gdj-fai 1990
badj-fai 1989
fdh-fai 1988
509
6
fgi-faj 1992
ghi-faj 1991
iii-faj 1990
ga-faj 1989
ggb-faj 1988
bhe-faj 1987
510
4
bge-fba 1992
cdi-fba 1991
dii-fba 1990
bbdb-fba 1989
511
5
fic-fbb 1992
geh-fbb 1991
fid-fbb 1990
jih-fbb 1989
jgi-fbb 1988
512
4
ejh-fbc 1992
fej-fbc 1991
baag-fbc 1990
eeg-fbc 1989
513
5
ejj-fbd 1992
eai-fbd 1991
bih-fbd 1990
hej-fbd 1989
jhc-fbd 1988
514
3
fgi-fbe 1992
bajc-fbe 1991
bceh-fbe 1990
515
1
jbh-fbf 1992
516
2
dff-fbg 1992
edb-fbg 1991
517
6
fgb-fbh 1992
ib-fbh 1991
hca-fbh 1990
bcjg-fbh 1989
bc-fbh 1988
fdh-fbh 1987
518
5
dcc-fbi 1992
eah-fbi 1991
cfg-fbi 1990
ebf-fbi 1989
bjb-fbi 1988
519
6
fdc-fbj 1992
hb-fbj 1991
ieg-fbj 1990
fch-fbj 1989
beig-fbj 1988
hdc-fbj 1987
520
5
bcie-fca 1992
dce-fca 1991
jib-fca 1990
gaj-fca 1989
bccg-fca 1988
521
5
fij-fcb 1992
h-fcb 1991
bhb-fcb 1990
hbb-fcb 1989
bcdf-fcb 1988
522
4
fjh-fcc 1992
gic-fcc 1991
gbd-fcc 1990
bfca-fcc 1989
523
4
ghf-fcd 1992
cae-fcd 1991
hib-fcd 1990
cba-fcd 1989
524
3
gjh-fce 1992
gia-fce 1991
baec-fce 1990
525
7
ejd-fcf 1992
cgf-fcf 1991
bff-fcf 1990
cce-fcf 1989
ebi-fcf 1988
baib-fcf 1987
ehe-fcf 1986
526
4
bcah-fcg 1992
bbe-fcg 1991
eig-fcg 1990
gcc-fcg 1989
527
8
hfc-fch 1992
cjb-fch 1991
bfgh-fch 1990
beaj-fch 1989
fcf-fch 1988
bcee-fch 1987
eae-fch 1986
ecb-fch 1985
528
8
bjf-fci 1992
iei-fci 1991
dfd-fci 1990
fhg-fci 1989
dei-fci 1988
bbea-fci 1987
dfh-fci 1986
iba-fci 1985
529
6
fcg-fcj 1992
egd-fcj 1991
heb-fcj 1990
ghc-fcj 1989
ffb-fcj 1988
hge-fcj 1987
530
6
gca-fda 1992
bhj-fda 1991
bhi-fda 1990
edf-fda 1989
cfd-fda 1988
bbbd-fda 1987
531
5
ccf-fdb 1992
ffg-fdb 1991
bcga-fdb 1990
def-fdb 1989
eha-fdb 1988
532
6
eg-fdc 1992
bbjb-fdc 1991
dad-fdc 1990
dhh-fdc 1989
cif-fdc 1988
bahi-fdc 1987
533
9
baif-fdd 1992
bfie-fdd 1991
dfb-fdd 1990
bei-fdd 1989
eaf-fdd 1988
bfha-fdd 1987
hid-fdd 1986
edd-fdd 1985
baei-fdd 1984
534
3
fih-fde 1992
egb-fde 1991
jj-fde 1990
535
6
bade-fdf 1992
fbj-fdf 1991
cgg-fdf 1990
fdg-fdf 1989
gdc-fdf 1988
ibe-fdf 1987
536
5
bhi-fdg 1992
gje-fdg 1991
gbh-fdg 1990
bdhg-fdg 1989
bach-fdg 1988
537
7
gf-fdh 1992
bcjh-fdh 1991
hjd-fdh 1990
cdc-fdh 1989
cjd-fdh 1988
ffa-fdh 1987
deb-fdh 1986
538
2
bh-fdi 1992
jii-fdi 1991
539
2
hbh-fdj 1992
bdfh-fdj 1991
540
5
ee-fea 1992
caf-fea 1991
bceb-fea 1990
bbia-fea 1989
bdcd-fea 1988
541
6
ih-feb 1992
cid-feb 1991
hgh-feb 1990
ibd-feb 1989
dfh-feb 1988
ieb-feb 1987
542
3
ffe-fec 1992
bfij-fec 1991
bfcg-fec 1990
543
5
fjd-fed 1992
eac-fed 1991
fdh-fed 1990
bbhb-fed 1989
hdi-fed 1988
544
5
be-fee 1992
fff-fee 1991
ecb-fee 1990
ihf-fee 1989
bbaa-fee 1988
545
5
bdad-fef 1992
dfe-fef 1991
bbfh-fef 1990
je-fef 1989
bfdg-fef 1988
546
6
ijc-feg 1992
ihh-feg 1991
bd-feg 1990
bi-feg 1989
bcgj-feg 1988
hgh-feg 1987
547
5
bbdc-feh 1992
chc-feh 1991
bch-feh 1990
hei-feh 1989
djg-feh 1988
548
6
dbc-fei 1992
fbi-fei 1991
ffc-fei 1990
bcgi-fei 1989
eeg-fei 1988
begd-fei 1987
549
4
eji-fej 1992
hhe-fej 1991
gcg-fej 1990
dfe-fej 1989
550
5
df-ffa 1992
dce-ffa 1991
idb-ffa 1990
gch-ffa 1989
bfef-ffa 1988
551
7
gda-ffb 1992
cbd-ffb 1991
i-ffb 1990
cfd-ffb 1989
jfe-ffb 1988
ica-ffb 1987
dab-ffb 1986
552
4
ejg-ffc 1992
bdj-ffc 1991
bgc-ffc 1990
hbb-ffc 1989
553
3
jaf-ffd 1992
eia-ffd 1991
dij-ffd 1990
554
2
baba-ffe 1992
hdc-ffe 1991
555
7
chc-fff 1992
fgj-fff 1991
edi-fff 1990
jbf-fff 1989
baj-fff 1988
hfd-fff 1987
baae-fff 1986
556
1
ffi-ffg 1992
557
2
fja-ffh 1992
e-ffh 1991
558
5
fed-ffi 1992
gaj-ffi 1991
cif-ffi 1990
cdj-ffi 1989
bcdd-ffi 1988
559
4
dfd-ffj 1992
gih-ffj 1991
baid-ffj 1990
gfi-ffj 1989
560
8
bbhg-fga 1992
ceb-fga 1991
bdib-fga 1990
cie-fga 1989
igi-fga 1988
gei-fga 1987
eae-fga 1986
bhe-fga 1985
561
3
eei-fgb 1992
dba-fgb 1991
gff-fgb 1990
562
5
jad-fgc 1992
cjb-fgc 1991
dgd-fgc 1990
dbd-fgc 1989
bagf-fgc 1988
563
6
bie-fgd 1992
fb-fgd 1991
ffa-fgd 1990
dij-fgd 1989
bfff-fgd 1988
bfic-fgd 1987
564
2
ibf-fge 1992
gjf-fge 1991
565
2
def-fgf 1992
ha-fgf 1991
566
2
bih-fgg 1992
ice-fgg 1991
567
3
dbh-fgh 1992
jjf-fgh 1991
jcf-fgh 1990
568
4
hjf-fgi 1992
bcbi-fgi 1991
eeh-fgi 1990
dfg-fgi 1989
569
4
egh-fgj 1992
gbh-fgj 1991
bdc-fgj 1990
ghj-fgj 1989
570
3
bfig-fha 1992
bfi-fha 1991
fhc-fha 1990
571
6
bajf-fhb 1992
hfe-fhb 1991
beaa-fhb 1990
feb-fhb 1989
beeb-fhb 1988
bfcb-fhb 1987
572
6
cba-fhc 1992
hch-fhc 1991
ijj-fhc 1990
bgea-fhc 1989
bbi-fhc 1988
bfed-fhc 1987
573
4
dea-fhd 1992
dgi-fhd 1991
hic-fhd 1990
cih-fhd 1989
574
5
dic-fhe 1992
gge-fhe 1991
jbe-fhe 1990
hci-fhe 1989
ebh-fhe 1988
575
2
ffb-fhf 1992
gad-fhf 1991
576
4
jbb-fhg 1992
da-fhg 1991
fjc-fhg 1990
bbfh-fhg 1989
577
1
cba-fhh 1992
578
4
idd-fhi 1992
bcgj-fhi 1991
jcb-fhi 1990
bja-fhi 1989
579
5
fgf-fhj 1992
gaj-fhj 1991
bgde-fhj 1990
ii-fhj 1989
fag-fhj 1988
580
4
cdd-fia 1992
bb-fia 1991
hga-fia 1990
gcc-fia 1989
581
3
gjb-fib 1992
bag-fib 1991
fgb-fib 1990
582
6
cif-fic 1992
ifh-fic 1991
ijd-fic 1990
hgg-fic 1989
cea-fic 1988
bgaj-fic 1987
583
6
fh-fid 1992
cdd-fid 1991
hh-fid 1990
gif-fid 1989
cih-fid 1988
bbaa-fid 1987
584
3
ffb-fie 1992
bccf-fie 1991
efe-fie 1990
585
4
bbc-fif 1992
ibj-fif 1991
bfcg-fif 1990
gge-fif 1989
586
6
bjc-fig 1992
gfa-fig 1991
bfj-fig 1990
ejg-fig 1989
dec-fig 1988
eib-fig 1987
587
3
ed-fih 1992
bcc-fih 1991
id-fih 1990
588
4
haf-fii 1992
bcfh-fii 1991
gde-fii 1990
bagb-fii 1989
589
3
bdfi-fij 1992
fdf-fij 1991
ebj-fij 1990
590
3
cih-fja 1992
bhf-fja 1991
edj-fja 1990
591
9
egg-fjb 1992
cja-fjb 1991
hc-fjb 1990
gcg-fjb 1989
cij-fjb 1988
caa-fjb 1987
bggb-fjb 1986
gef-fjb 1985
hae-fjb 1984
592
5
baee-fjc 1992
dbg-fjc 1991
bcff-fjc 1990
hdf-fjc 1989
cie-fjc 1988
593
2
ecc-fjd 1992
cif-fjd 1991
594
4
hdj-fje 1992
fba-fje 1991
hci-fje 1990
bbac-fje 1989
595
3
jhf-fjf 1992
bahg-fjf 1991
fhc-fjf 1990
596
2
bhg-fjg 1992
bcfe-fjg 1991
597
6
babb-fjh 1992
ddd-fjh 1991
fdf-fjh 1990
ei-fjh 1989
g-fjh 1988
baij-fjh 1987
598
9
hh-fji 1992
bgb-fji 1991
ehf-fji 1990
bddi-fji 1989
cdf-fji 1988
fij-fji 1987
ejc-fji 1986
iga-fji 1985
jbi-fji 1984
599
3
gj-fjj 1992
ddi-fjj 1991
bbg-fjj 1990
600
4
gjf-gaa 1992
gie-gaa 1991
gbb-gaa 1990
bacj-gaa 1989
601
3
ejg-gab 1992
ca-gab 1991
gdh-gab 1990
602
1
cca-gac 1992
603
6
cdf-gad 1992
bjc-gad 1991
bf-gad 1990
jjh-gad 1989
hij-gad 1988
bdfe-gad 1987
604
7
ceb-gae 1992
eig-gae 1991
bd-gae 1990
jci-gae 1989
hca-gae 1988
ghc-gae 1987
bfi-gae 1986
605
1
bjh-gaf 1992
606
5
dff-gag 1992
bahg-gag 1991
bcba-gag 1990
jij-gag 1989
dgc-gag 1988
607
5
ici-gah 1992
cjc-gah 1991
cdd-gah 1990
fac-gah 1989
iaf-gah 1988
608
2
daa-gai 1992
gff-gai 1991
609
4
iae-gaj 1992
ccf-gaj 1991
bcde-gaj 1990
di-gaj 1989
610
5
gcb-gba 1992
hgc-gba 1991
fdi-gba 1990
bbib-gba 1989
bbge-gba 1988
611
6
efh-gbb 1992
becb-gbb 1991
cgb-gbb 1990
dhf-gbb 1989
bfjj-gbb 1988
eja-gbb 1987
612
6
bej-gbc 1992
ga-gbc 1991
bbh-gbc 1990
hb-gbc 1989
bbhc-gbc 1988
baab-gbc 1987
613
4
gca-gbd 1992
cg-gbd 1991
fcb-gbd 1990
bbcd-gbd 1989
614
1
bgfd-gbe 1992
615
4
bbeh-gbf 1992
bdcf-gbf 1991
fgd-gbf 1990
ccj-gbf 1989
616
4
dga-gbg 1992
hhb-gbg 1991
bbcb-gbg 1990
dhh-gbg 1989
617
3
ejj-gbh 1992
dje-gbh 1991
ff-gbh 1990
618
7
cfd-gbi 1992
dib-gbi 1991
ej-gbi 1990
dbi-gbi 1989
bacg-gbi 1988
bbeh-gbi 1987
ifc-gbi 1986
619
4
jej-gbj 1992
eaa-gbj 1991
gch-gbj 1990
bbfi-gbj 1989
620
7
bbfc-gca 1992
jig-gca 1991
iid-gca 1990
gfd-gca 1989
ddd-gca 1988
haj-gca 1987
hbg-gca 1986
621
6
bch-gcb 1992
bbbb-gcb 1991
jca-gcb 1990
bafh-gcb 1989
cab-gcb 1988
bfbd-gcb 1987
622
8
iie-gcc 1992
gaj-gcc 1991
baad-gcc 1990
ejb-gcc 1989
bbii-gcc 1988
baee-gcc 1987
bafc-gcc 1986
cdh-gcc 1985
623
4
bgbi-gcd 1992
ja-gcd 1991
bbjd-gcd 1990
egf-gcd 1989
624
3
dhb-gce 1992
bdfi-gce 1991
fai-gce 1990
625
3
daf-gcf 1992
baii-gcf 1991
cgj-gcf 1990
626
4
chg-gcg 1992
cce-gcg 1991
hgd-gcg 1990
ijg-gcg 1989
627
5
ffb-gch 1992
eja-gch 1991
fjh-gch 1990
cih-gch 1989
bdc-gch 1988
628
6
ghh-gci 1992
fdc-gci 1991
gid-gci 1990
bga-gci 1989
cea-gci 1988
igb-gci 1987
629
2
ged-gcj 1992
ebb-gcj 1991
630
2
bdcf-gda 1992
ihh-gda 1991
631
4
cb-gdb 1992
bdci-gdb 1991
bbg-gdb 1990
eah-gdb 1989
632
5
gbe-gdc 1992
igj-gdc 1991
babf-gdc 1990
cah-gdc 1989
ifc-gdc 1988
633
4
hfi-gdd 1992
efh-gdd 1991
dgb-gdd 1990
bcag-gdd 1989
634
5
gba-gde 1992
hed-gde 1991
gah-gde 1990
cdd-gde 1989
baeb-gde 1988
635
4
hjh-gdf 1992
bhc-gdf 1991
gfe-gdf 1990
bchf-gdf 1989
636
5
gfd-gdg 1992
db-gdg 1991
bajh-gdg 1990
hag-gdg 1989
bddj-gdg 1988
637
4
if-gdh 1992
iih-gdh 1991
bdfd-gdh 1990
jci-gdh 1989
638
1
jcc-gdi 1992
639
3
cei-gdj 1992
dib-gdj 1991
gjg-gdj 1990
640
5
jh-gea 1992
cda-gea 1991
eaa-gea 1990
edi-gea 1989
dea-gea 1988
641
5
eff-geb 1992
fcb-geb 1991
hfa-geb 1990
begg-geb 1989
hhd-geb 1988
642
2
ffc-gec 1992
ihd-gec 1991
643
1
bdbj-ged 1992
644
1
dda-gee 1992
645
4
gij-gef 1992
gfh-gef 1991
bdgj-gef 1990
dfi-gef 1989
646
4
baaa-geg 1992
gaj-geg 1991
cie-geg 1990
bfcj-geg 1989
647
4
bjh-geh 1992
gah-geh 1991
iai-geh 1990
jg-geh 1989
648
4
eeb-gei 1992
ffa-gei 1991
iba-gei 1990
daf-gei 1989
649
5
gda-gej 1992
bge-gej 1991
cab-gej 1990
fec-gej 1989
hgi-gej 1988
650
2
bgeg-gfa 1992
hbc-gfa 1991
651
4
g-gfb 1992
gfj-gfb 1991
bcbi-gfb 1990
jhj-gfb 1989
652
4
ccf-gfc 1992
bche-gfc 1991
bcb-gfc 1990
baha-gfc 1989
653
3
hjb-gfd 1992
gch-gfd 1991
bdbg-gfd 1990
654
3
hfa-gfe 1992
bif-gfe 1991
baci-gfe 1990
655
7
eci-gff 1992
jbi-gff 1991
hh-gff 1990
bga-gff 1989
egf-gff 1988
ehe-gff 1987
idi-gff 1986
656
4
jaj-gfg 1992
chc-gfg 1991
cef-gfg 1990
bahh-gfg 1989
657
4
bi-gfh 1992
ffb-gfh 1991
jaj-gfh 1990
iga-gfh 1989
658
5
ghc-gfi 1992
dbd-gfi 1991
jeh-gfi 1990
ech-gfi 1989
becd-gfi 1988
659
1
bdba-gfj 1992
660
3
hhe-gga 1992
gbc-gga 1991
bhe-gga 1990
661
4
igf-ggb 1992
bej-ggb 1991
bee-ggb 1990
eae-ggb 1989
662
2
id-ggc 1992
bgae-ggc 1991
663
4
cjh-ggd 1992
igd-ggd 1991
djj-ggd 1990
jhh-ggd 1989
664
9
eeb-gge 1992
gaj-gge 1991
beg-gge 1990
ifg-gge 1989
beai-gge 1988
bfid-gge 1987
ehc-gge 1986
bdc-gge 1985
efd-gge 1984
665
5
bcdj-ggf 1992
ibj-ggf 1991
hab-ggf 1990
feh-ggf 1989
jfj-ggf 1988
666
4
caf-ggg 1992
bih-ggg 1991
die-ggg 1990
dij-ggg 1989
667
1
cab-ggh 1992
668
3
cbc-ggi 1992
bfc-ggi 1991
cgh-ggi 1990
670
4
bfgj-gha 1992
gii-gha 1991
gdh-gha 1990
ifc-gha 1989
671
6
ccg-ghb 1992
bbff-ghb 1991
bgef-ghb 1990
bgae-ghb 1989
idb-ghb 1988
bbfg-ghb 1987
672
8
jjf-ghc 1992
fea-ghc 1991
efi-ghc 1990
begg-ghc 1989
bch-ghc 1988
fhi-ghc 1987
cib-ghc 1986
beid-ghc 1985
673
3
bae-ghd 1992
did-ghd 1991
egj-ghd 1990
674
3
ggg-ghe 1992
ccb-ghe 1991
cji-ghe 1990
675
1
ggb-ghf 1992
676
4
fdj-ghg 1992
dhh-ghg 1991
cej-ghg 1990
fhb-ghg 1989
677
3
fdi-ghh 1992
bacj-ghh 1991
cbc-ghh 1990
678
4
bge-ghi 1992
cic-ghi 1991
hai-ghi 1990
daf-ghi 1989
679
5
fdb-ghj 1992
hec-ghj 1991
eig-ghj 1990
fcd-ghj 1989
bcbc-ghj 1988
680
4
ccg-gia 1992
ied-gia 1991
hbf-gia 1990
egg-gia 1989
681
3
ehj-gib 1992
cic-gib 1991
bbhf-gib 1990
682
5
bbga-gic 1992
gge-gic 1991
bjc-gic 1990
fed-gic 1989
dhi-gic 1988
683
2
ddg-gid 1992
cjj-gid 1991
684
3
ihe-gie 1992
ici-gie 1991
iih-gie 1990
685
5
gdf-gif 1992
bcdi-gif 1991
bcig-gif 1990
jea-gif 1989
hge-gif 1988
686
4
bbe-gig 1992
gj-gig 1991
cec-gig 1990
ijf-gig 1989
687
5
bbfb-gih 1992
fic-gih 1991
baai-gih 1990
die-gih 1989
badc-gih 1988
688
3
cgf-gii 1992
ib-gii 1991
baab-gii 1990
689
5
ehf-gij 1992
fgh-gij 1991
ehh-gij 1990
bei-gij 1989
ibd-gij 1988
690
2
bajc-gja 1992
ecd-gja 1991
691
1
ebc-gjb 1992
692
5
ca-gjc 1992
hg-gjc 1991
hji-gjc 1990
behb-gjc 1989
gbe-gjc 1988
693
1
gad-gjd 1992
694
4
b-gje 1992
eca-gje 1991
bbdf-gje 1990
bhc-gje 1989
695
3
hdh-gjf 1992
dig-gjf 1991
ieg-gjf 1990
696
6
dci-gjg 1992
bfb-gjg 1991
egg-gjg 1990
bbic-gjg 1989
bdda-gjg 1988
behg-gjg 1987
697
3
cje-gjh 1992
dfd-gjh 1991
cbg-gjh 1990
698
2
bbgf-gji 1992
ghe-gji 1991
699
4
fbi-gjj 1992
cg-gjj 1991
hhe-gjj 1990
iii-gjj 1989
700
4
dg-haa 1992
dbe-haa 1991
bjj-haa 1990
bcea-haa 1989
701
3
gc-hab 1992
fij-hab 1991
bcfg-hab 1990
702
4
gid-hac 1992
eif-hac 1991
bcbg-hac 1990
gdb-hac 1989
703
1
iec-had 1992
704
6
fac-hae 1992
ije-hae 1991
idb-hae 1990
hea-hae 1989
chi-hae 1988
bbic-hae 1987
705
5
jji-haf 1992
cdd-haf 1991
gic-haf 1990
bbcd-haf 1989
jda-haf 1988
706
6
dfg-hag 1992
beje-hag 1991
ecj-hag 1990
dic-hag 1989
bcgb-hag 1988
hje-hag 1987
707
4
dcd-hah 1992
ghg-hah 1991
efj-hah 1990
fda-hah 1989
708
3
bfh-hai 1992
bce-hai 1991
hfh-hai 1990
709
1
bdjj-haj 1992
710
3
gee-hba 1992
bega-hba 1991
bdbi-hba 1990
711
4
eee-hbb 1992
cgj-hbb 1991
cfb-hbb 1990
fac-hbb 1989
712
3
bdif-hbc 1992
ffc-hbc 1991
jdg-hbc 1990
713
6
iah-hbd 1992
bcbd-hbd 1991
jjf-hbd 1990
eij-hbd 1989
bei-hbd 1988
bdff-hbd 1987
714
3
edh-hbe 1992
fji-hbe 1991
fc-hbe 1990
715
3
dga-hbf 1992
jf-hbf 1991
fcf-hbf 1990
716
5
jh-hbg 1992
egh-hbg 1991
ife-hbg 1990
gde-hbg 1989
bdjf-hbg 1988
717
4
ifg-hbh 1992
dbj-hbh 1991
ci-hbh 1990
babe-hbh 1989
718
2
egd-hbi 1992
jfh-hbi 1991
719
2
jge-hbj 1992
bedf-hbj 1991
720
7
g-hca 1992
ejj-hca 1991
cib-hca 1990
ead-hca 1989
hcf-hca 1988
jid-hca 1987
ibe-hca 1986
721
5
jba-hcb 1992
cha-hcb 1991
bdfa-hcb 1990
ffe-hcb 1989
bahd-hcb 1988
722
2
iee-hcc 1992
cie-hcc 1991
723
5
ghf-hcd 1992
hhf-hcd 1991
bdhb-hcd 1990
bgi-hcd 1989
jee-hcd 1988
724
7
bde-hce 1992
gfj-hce 1991
dha-hce 1990
beaf-hce 1989
eab-hce 1988
ejf-hce 1987
bchf-hce 1986
725
5
cih-hcf 1992
hhc-hcf 1991
bbae-hcf 1990
b-hcf 1989
gad-hcf 1988
726
4
jjg-hcg 1992
ja-hcg 1991
baed-hcg 1990
ibf-hcg 1989
727
4
ghe-hch 1992
jcb-hch 1991
fci-hch 1990
gdg-hch 1989
728
5
baef-hci 1992
fbf-hci 1991
geh-hci 1990
bdff-hci 1989
ggi-hci 1988
729
6
bbbg-hcj 1992
hdb-hcj 1991
jd-hcj 1990
ejb-hcj 1989
eec-hcj 1988
bbgd-hcj 1987
730
5
eda-hda 1992
ea-hda 1991
idc-hda 1990
ffb-hda 1989
dec-hda 1988
731
4
jh-hdb 1992
fei-hdb 1991
bejg-hdb 1990
bfhg-hdb 1989
732
6
cej-hdc 1992
gig-hdc 1991
cbi-hdc 1990
bdac-hdc 1989
jbf-hdc 1988
befb-hdc 1987
733
4
cih-hdd 1992
bcf-hdd 1991
ejb-hdd 1990
bdg-hdd 1989
734
3
gdj-hde 1992
bbjf-hde 1991
jfh-hde 1990
735
5
fad-hdf 1992
bcfg-hdf 1991
gbh-hdf 1990
dci-hdf 1989
bbha-hdf 1988
736
3
eba-hdg 1992
dac-hdg 1991
fjc-hdg 1990
737
3
baga-hdh 1992
ihb-hdh 1991
fec-hdh 1990
738
3
bic-hdi 1992
iae-hdi 1991
beah-hdi 1990
739
4
bci-hdj 1992
jbj-hdj 1991
eci-hdj 1990
haa-hdj 1989
740
8
jb-hea 1992
cb-hea 1991
bcji-hea 1990
jjg-hea 1989
bdfd-hea 1988
fdf-hea 1987
djb-hea 1986
befg-hea 1985
741
2
fab-heb 1992
icg-heb 1991
742
4
fai-hec 1992
bdda-hec 1991
bfjg-hec 1990
bdhc-hec 1989
743
3
bfei-hed 1992
ffe-hed 1991
bcbg-hed 1990
744
3
ijb-hee 1992
gbf-hee 1991
bfhd-hee 1990
745
5
bge-hef 1992
gha-hef 1991
beg-hef 1990
bfch-hef 1989
bjd-hef 1988
746
3
ceb-heg 1992
fid-heg 1991
bcdd-heg 1990
747
4
ed-heh 1992
ggc-heh 1991
dcb-heh 1990
hii-heh 1989
748
3
ie-hei 1992
fad-hei 1991
if-hei 1990
749
4
gcc-hej 1992
ccd-hej 1991
bgbd-hej 1990
cec-hej 1989
750
5
jga-hfa 1992
bdi-hfa 1991
jhg-hfa 1990
befe-hfa 1989
dgc-hfa 1988
751
5
egc-hfb 1992
beh-hfb 1991
gc-hfb 1990
bff-hfb 1989
icd-hfb 1988
752
3
gab-hfc 1992
bcdc-hfc 1991
gjh-hfc 1990
753
4
ddc-hfd 1992
bcec-hfd 1991
bad-hfd 1990
eih-hfd 1989
754
4
gac-hfe 1992
dfb-hfe 1991
ejg-hfe 1990
bahd-hfe 1989
755
3
bacc-hff 1992
bbci-hff 1991
hge-hff 1990
756
3
ij-hfg 1992
gfd-hfg 1991
bbac-hfg 1990
757
5
eci-hfh 1992
ibb-hfh 1991
bbaj-hfh 1990
ihf-hfh 1989
ede-hfh 1988
758
3
heb-hfi 1992
eci-hfi 1991
beih-hfi 1990
759
3
jfc-hfj 1992
gaa-hfj 1991
bfhi-hfj 1990
760
2
fdb-hga 1992
bbg-hga 1991
761
6
dfj-hgb 1992
iaj-hgb 1991
bdf-hgb 1990
gcc-hgb 1989
bccd-hgb 1988
hfc-hgb 1987
762
4
dej-hgc 1992
fea-hgc 1991
fia-hgc 1990
hje-hgc 1989
763
2
bedb-hgd 1992
bbfa-hgd 1991
764
3
jdc-hge 1992
efg-hge 1991
beff-hge 1990
765
4
bci-hgf 1992
fea-hgf 1991
icd-hgf 1990
bafe-hgf 1989
766
3
ddc-hgg 1992
baib-hgg 1991
ehf-hgg 1990
767
2
deg-hgh 1992
dej-hgh 1991
768
4
hah-hgi 1992
baai-hgi 1991
cdb-hgi 1990
baja-hgi 1989
769
1
bbjj-hgj 1992
770
6
dag-hha 1992
bi-hha 1991
ii-hha 1990
baad-hha 1989
hdd-hha 1988
ihj-hha 1987
771
5
fj-hhb 1992
bbaj-hhb 1991
dfa-hhb 1990
gfa-hhb 1989
bbaa-hhb 1988
772
3
eia-hhc 1992
fhc-hhc 1991
beff-hhc 1990
773
4
ch-hhd 1992
bbd-hhd 1991
bdec-hhd 1990
gaa-hhd 1989
774
5
fcd-hhe 1992
gja-hhe 1991
dji-hhe 1990
bdfa-hhe 1989
eff-hhe 1988
775
4
ed-hhf 1992
dag-hhf 1991
bafj-hhf 1990
bcf-hhf 1989
776
4
bcd-hhg 1992
ga-hhg 1991
hbb-hhg 1990
dgd-hhg 1989
777
2
ebd-hhh 1992
haa-hhh 1991
778
2
dcj-hhi 1992
bdci-hhi 1991
779
7
chi-hhj 1992
idc-hhj 1991
cbg-hhj 1990
hie-hhj 1989
beb-hhj 1988
jec-hhj 1987
bfag-hhj 1986
780
3
dbf-hia 1992
bbie-hia 1991
jdd-hia 1990
781
3
ccc-hib 1992
bbfb-hib 1991
bbi-hib 1990
782
4
chh-hic 1992
dcc-hic 1991
dhd-hic 1990
bgcf-hic 1989
783
1
bgdg-hid 1992
784
2
bjg-hie 1992
bgbb-hie 1991
785
3
cii-hif 1992
ggc-hif 1991
fje-hif 1990
786
3
gb-hig 1992
che-hig 1991
fig-hig 1990
787
5
bdbe-hih 1992
eii-hih 1991
bfg-hih 1990
iaf-hih 1989
ddh-hih 1988
788
4
fej-hii 1992
jaj-hii 1991
djb-hii 1990
cgi-hii 1989
789
6
fj-hij 1992
bbbd-hij 1991
hag-hij 1990
jff-hij 1989
bji-hij 1988
dif-hij 1987
790
2
gbd-hja 1992
fae-hja 1991
791
3
bde-hjb 1992
cbb-hjb 1991
cfh-hjb 1990
792
7
edj-hjc 1992
gaj-hjc 1991
hbi-hjc 1990
ifd-hjc 1989
hcc-hjc 1988
bfhe-hjc 1987
bbfi-hjc 1986
793
2
bbd-hjd 1992
fef-hjd 1991
794
2
fgj-hje 1992
bdja-hje 1991
795
3
gid-hjf 1992
beji-hjf 1991
edj-hjf 1990
796
7
igd-hjg 1992
jdh-hjg 1991
eda-hjg 1990
gdj-hjg 1989
gci-hjg 1988
jgg-hjg 1987
cfa-hjg 1986
797
2
bcg-hjh 1992
caj-hjh 1991
798
3
iac-hji 1992
bba-hji 1991
hfj-hji 1990
799
7
beea-hjj 1992
fe-hjj 1991
cjf-hjj 1990
bace-hjj 1989
bgc-hjj 1988
gah-hjj 1987
fgd-hjj 1986
800
6
cij-iaa 1992
eef-iaa 1991
deb-iaa 1990
ead-iaa 1989
jcg-iaa 1988
dhc-iaa 1987
801
3
cdh-iab 1992
bdbh-iab 1991
ech-iab 1990
802
3
eic-iac 1992
hia-iac 1991
hbi-iac 1990
803
5
dd-iad 1992
jcd-iad 1991
cba-iad 1990
d-iad 1989
cgd-iad 1988
804
5
cjg-iae 1992
cib-iae 1991
fjd-iae 1990
bcd-iae 1989
cdf-iae 1988
805
4
jd-iaf 1992
ejf-iaf 1991
ecj-iaf 1990
gjf-iaf 1989
806
4
begg-iag 1992
ejg-iag 1991
ihd-iag 1990
bage-iag 1989
807
2
fei-iah 1992
dad-iah 1991
808
4
jh-iai 1992
gf-iai 1991
beja-iai 1990
dje-iai 1989
809
3
gbh-iaj 1992
gci-iaj 1991
bddg-iaj 1990
810
5
ejb-iba 1992
bbbj-iba 1991
bcb-iba 1990
bbba-iba 1989
bafb-iba 1988
811
2
bead-ibb 1992
iha-ibb 1991
812
2
egb-ibc 1992
bbgf-ibc 1991
813
2
bdhd-ibd 1992
bgcj-ibd 1991
814
3
jbe-ibe 1992
fba-ibe 1991
bbcc-ibe 1990
815
3
dje-ibf 1992
dih-ibf 1991
bffh-ibf 1990
816
4
efj-ibg 1992
ceb-ibg 1991
bafg-ibg 1990
fhg-ibg 1989
817
3
bahj-ibh 1992
eja-ibh 1991
babb-ibh 1990
818
5
gi-ibi 1992
jib-ibi 1991
fii-ibi 1990
bjc-ibi 1989
fdi-ibi 1988
819
4
hae-ibj 1992
bbcd-ibj 1991
bbdb-ibj 1990
dfd-ibj 1989
820
5
jde-ica 1992
edc-ica 1991
bcfh-ica 1990
dgi-ica 1989
becf-ica 1988
821
3
fib-icb 1992
fhj-icb 1991
hfi-icb 1990
822
2
fdh-icc 1992
edb-icc 1991
823
5
eig-icd 1992
jaa-icd 1991
hcd-icd 1990
hj-icd 1989
jaj-icd 1988
824
3
hgi-ice 1992
jfh-ice 1991
ehd-ice 1990
825
4
bcha-icf 1992
dbb-icf 1991
cih-icf 1990
fce-icf 1989
826
3
gcg-icg 1992
bcdi-icg 1991
bjj-icg 1990
827
2
djd-ich 1992
beei-ich 1991
828
3
cj-ici 1992
dfa-ici 1991
jc-ici 1990
829
2
hbe-icj 1992
jie-icj 1991
830
5
bhf-ida 1992
ehj-ida 1991
jbh-ida 1990
hee-ida 1989
bcfd-ida 1988
831
7
jcb-idb 1992
bfjd-idb 1991
cdh-idb 1990
cii-idb 1989
fce-idb 1988
bach-idb 1987
ghi-idb 1986
832
3
djj-idc 1992
iij-idc 1991
gjg-idc 1990
833
4
fih-idd 1992
fj-idd 1991
bbah-idd 1990
bfda-idd 1989
834
1
fgc-ide 1992
835
5
bajg-idf 1992
jhi-idf 1991
efa-idf 1990
dii-idf 1989
dh-idf 1988
836
4
bagf-idg 1992
ic-idg 1991
bfi-idg 1990
dhd-idg 1989
837
3
gdg-idh 1992
hhg-idh 1991
bad-idh 1990
838
5
baeh-idi 1992
hhc-idi 1991
bbdd-idi 1990
ech-idi 1989
bgfa-idi 1988
839
3
bgf-idj 1992
bcc-idj 1991
fdj-idj 1990
840
4
eeb-iea 1992
chb-iea 1991
bij-iea 1990
bebf-iea 1989
841
3
bdaj-ieb 1992
bbie-ieb 1991
fhb-ieb 1990
842
5
fgf-iec 1992
hfh-iec 1991
iff-iec 1990
bbca-iec 1989
hfg-iec 1988
843
4
bche-ied 1992
hhb-ied 1991
jac-ied 1990
bbid-ied 1989
844
3
bdcd-iee 1992
efc-iee 1991
baje-iee 1990
845
4
ea-ief 1992
hag-ief 1991
bbah-ief 1990
bfc-ief 1989
846
5
ebg-ieg 1992
fjj-ieg 1991
ffh-ieg 1990
hcd-ieg 1989
idd-ieg 1988
847
4
bjg-ieh 1992
bge-ieh 1991
caj-ieh 1990
bchj-ieh 1989
848
6
gdf-iei 1992
dbf-iei 1991
bcgb-iei 1990
behf-iei 1989
efg-iei 1988
hgi-iei 1987
849
2
bdi-iej 1992
bbh-iej 1991
850
5
bdih-ifa 1992
bdbe-ifa 1991
bbbi-ifa 1990
ccc-ifa 1989
hcf-ifa 1988
851
3
fgh-ifb 1992
bagh-ifb 1991
dfh-ifb 1990
852
6
fdj-ifc 1992
gfa-ifc 1991
cee-ifc 1990
ejj-ifc 1989
jid-ifc 1988
bchg-ifc 1987
853
4
ijh-ifd 1992
bah-ifd 1991
cf-ifd 1990
bbhd-ifd 1989
854
3
bbdj-ife 1992
dad-ife 1991
hjf-ife 1990
855
5
cgi-iff 1992
bjb-iff 1991
fb-iff 1990
jgf-iff 1989
efe-iff 1988
856
3
jci-ifg 1992
be-ifg 1991
bgeb-ifg 1990
857
4
eif-ifh 1992
baga-ifh 1991
baai-ifh 1990
cid-ifh 1989
858
2
badf-ifi 1992
bcci-ifi 1991
859
1
chb-ifj 1992
860
2
gfj-iga 1992
ebb-iga 1991
861
2
gb-igb 1992
cif-igb 1991
862
3
gh-igc 1992
eaf-igc 1991
bcgi-igc 1990
863
3
hfd-igd 1992
ife-igd 1991
ggg-igd 1990
864
3
dbi-ige 1992
dbj-ige 1991
hjc-ige 1990
865
1
egi-igf 1992
866
1
babd-igg 1992
867
1
hag-igh 1992
868
3
gag-igi 1992
bbg-igi 1991
bcbj-igi 1990
869
4
gih-igj 1992
dde-igj 1991
bdie-igj 1990
jba-igj 1989
870
4
bbfe-iha 1992
jfa-iha 1991
hgf-iha 1990
bcdj-iha 1989
871
2
eii-ihb 1992
bbcj-ihb 1991
872
3
jfd-ihc 1992
eba-ihc 1991
ehj-ihc 1990
873
4
bgei-ihd 1992
fj-ihd 1991
bbdd-ihd 1990
behh-ihd 1989
874
3
hdj-ihe 1992
hdi-ihe 1991
hdg-ihe 1990
875
5
cfb-ihf 1992
eh-ihf 1991
bfcc-ihf 1990
ijj-ihf 1989
bbad-ihf 1988
876
4
bcj-ihg 1992
gbf-ihg 1991
cdj-ihg 1990
gij-ihg 1989
877
3
eef-ihh 1992
gih-ihh 1991
cib-ihh 1990
878
5
jg-ihi 1992
hdb-ihi 1991
gjh-ihi 1990
bebh-ihi 1989
bdgf-ihi 1988
879
2
cef-ihj 1992
caf-ihj 1991
880
3
hfh-iia 1992
fid-iia 1991
fgb-iia 1990
881
5
cfb-iib 1992
chd-iib 1991
bafa-iib 1990
id-iib 1989
baeb-iib 1988
882
4
gfa-iic 1992
iie-iic 1991
fag-iic 1990
jje-iic 1989
883
4
bfei-iid 1992
iae-iid 1991
cej-iid 1990
ffa-iid 1989
884
5
bgc-iie 1992
cbb-iie 1991
bec-iie 1990
jee-iie 1989
bejf-iie 1988
885
2
hif-iif 1992
bbei-iif 1991
886
3
hjb-iig 1992
ddg-iig 1991
hcg-iig 1990
887
1
hbj-iih 1992
888
1
bbib-iii 1992
889
1
baaa-iij 1992
890
3
bcfe-ija 1992
iaa-ija 1991
dbj-ija 1990
891
1
ega-ijb 1992
892
4
bcij-ijc 1992
hg-ijc 1991
bbf-ijc 1990
cgi-ijc 1989
893
3
gdh-ijd 1992
hfi-ijd 1991
beda-ijd 1990
894
4
gda-ije 1992
bef-ije 1991
bbbj-ije 1990
beef-ije 1989
895
2
hei-ijf 1992
bj-ijf 1991
896
2
ig-ijg 1992
behi-ijg 1991
897
2
hhg-ijh 1992
bii-ijh 1991
898
1
gd-iji 1992
899
2
cff-ijj 1992
iaf-ijj 1991
900
3
cf-jaa 1992
jbg-jaa 1991
bbjh-jaa 1990
901
3
baej-jab 1992
djh-jab 1991
gbe-jab 1990
902
5
hca-jac 1992
ibb-jac 1991
bgg-jac 1990
ejj-jac 1989
ghg-jac 1988
903
3
djc-jad 1992
dgj-jad 1991
bcij-jad 1990
904
3
ee-jae 1992
cja-jae 1991
bbih-jae 1990
905
2
bgd-jaf 1992
bdig-jaf 1991
906
3
bdij-jag 1992
cg-jag 1991
cbc-jag 1990
907
6
bcif-jah 1992
bajg-jah 1991
cfe-jah 1990
fie-jah 1989
baia-jah 1988
bchh-jah 1987
908
5
hah-jai 1992
bffi-jai 1991
efa-jai 1990
gbj-jai 1989
bbbg-jai 1988
909
2
iic-jaj 1992
ebd-jaj 1991
910
3
cgd-jba 1992
bdef-jba 1991
gej-jba 1990
911
2
gjc-jbb 1992
dhg-jbb 1991
912
2
gbg-jbc 1992
jca-jbc 1991
913
3
bgh-jbd 1992
dij-jbd 1991
bfad-jbd 1990
914
3
bbig-jbe 1992
de-jbe 1991
fbj-jbe 1990
915
5
jbe-jbf 1992
cc-jbf 1991
gfg-jbf 1990
hai-jbf 1989
bedi-jbf 1988
916
5
bjd-jbg 1992
igc-jbg 1991
bdid-jbg 1990
baie-jbg 1989
ehd-jbg 1988
917
3
bji-jbh 1992
dbd-jbh 1991
babf-jbh 1990
918
2
hai-jbi 1992
bdcc-jbi 1991
919
5
ieg-jbj 1992
daa-jbj 1991
jhb-jbj 1990
ejd-jbj 1989
hdc-jbj 1988
920
4
jde-jca 1992
fdh-jca 1991
idf-jca 1990
jfg-jca 1989
921
4
ihh-jcb 1992
hhf-jcb 1991
gae-jcb 1990
faj-jcb 1989
922
3
fjg-jcc 1992
fej-jcc 1991
gfb-jcc 1990
923
4
bagh-jcd 1992
ied-jcd 1991
jcc-jcd 1990
hgh-jcd 1989
924
1
bafi-jce 1992
925
3
ghe-jcf 1992
djc-jcf 1991
igj-jcf 1990
926
3
cfj-jcg 1992
babe-jcg 1991
ggg-jcg 1990
927
1
hhh-jch 1992
928
6
beia-jci 1992
hhe-jci 1991
fb-jci 1990
fch-jci 1989
gih-jci 1988
bfbf-jci 1987
930
3
cjb-jda 1992
bgdf-jda 1991
bdig-jda 1990
931
5
jji-jdb 1992
bbaj-jdb 1991
jhc-jdb 1990
cgf-jdb 1989
hge-jdb 1988
932
3
hbh-jdc 1992
jc-jdc 1991
gdh-jdc 1990
933
3
ffh-jdd 1992
dic-jdd 1991
dhc-jdd 1990
934
6
bie-jde 1992
ha-jde 1991
baad-jde 1990
bcjb-jde 1989
bdgi-jde 1988
bi-jde 1987
936
7
fbf-jdg 1992
bh-jdg 1991
cjh-jdg 1990
bhb-jdg 1989
gea-jdg 1988
ibi-jdg 1987
dhj-jdg 1986
937
1
ea-jdh 1992
938
1
dfb-jdi 1992
939
4
ja-jdj 1992
dhb-jdj 1991
eic-jdj 1990
jfj-jdj 1989
940
2
ef-jea 1992
ije-jea 1991
941
1
jad-jeb 1992
942
5
bgb-jec 1992
bdfg-jec 1991
dae-jec 1990
badg-jec 1989
ehc-jec 1988
943
1
djc-jed 1992
944
4
ej-jee 1992
ceg-jee 1991
cfg-jee 1990
hjb-jee 1989
945
5
bbfe-jef 1992
beh-jef 1991
fad-jef 1990
bbje-jef 1989
badj-jef 1988
946
2
baib-jeg 1992
bbj-jeg 1991
947
3
bafe-jeh 1992
ddj-jeh 1991
bgdb-jeh 1990
948
2
jja-jei 1992
eff-jei 1991
949
3
fgj-jej 1992
ehb-jej 1991
dch-jej 1990
950
4
chb-jfa 1992
iec-jfa 1991
bhe-jfa 1990
fdj-jfa 1989
951
3
cge-jfb 1992
bbdb-jfb 1991
ebb-jfb 1990
952
3
egb-jfc 1992
cgh-jfc 1991
jgb-jfc 1990
953
2
fbd-jfd 1992
babc-jfd 1991
954
4
egf-jfe 1992
bcif-jfe 1991
c-jfe 1990
bfgb-jfe 1989
955
3
ee-jff 1992
bfeb-jff 1991
egg-jff 1990
956
4
ghc-jfg 1992
fic-jfg 1991
ega-jfg 1990
bccb-jfg 1989
957
5
ddc-jfh 1992
eij-jfh 1991
bffj-jfh 1990
fdf-jfh 1989
gfb-jfh 1988
958
4
eib-jfi 1992
dii-jfi 1991
bbj-jfi 1990
befa-jfi 1989
959
5
eac-jfj 1992
bcaj-jfj 1991
jfa-jfj 1990
bcc-jfj 1989
bdhe-jfj 1988
960
5
bfcf-jga 1992
bfab-jga 1991
fdf-jga 1990
bagg-jga 1989
bfcd-jga 1988
961
1
ecd-jgb 1992
962
5
cfa-jgc 1992
bba-jgc 1991
babj-jgc 1990
ied-jgc 1989
ibd-jgc 1988
963
1
ghb-jgd 1992
964
5
dda-jge 1992
gbf-jge 1991
bagf-jge 1990
bedj-jge 1989
bcgj-jge 1988
965
5
fjd-jgf 1992
fbf-jgf 1991
bhg-jgf 1990
hhj-jgf 1989
i-jgf 1988
966
3
cfd-jgg 1992
bajc-jgg 1991
heh-jgg 1990
967
2
jcb-jgh 1992
dfc-jgh 1991
968
2
gjf-jgi 1992
iae-jgi 1991
970
4
efh-jha 1992
bea-jha 1991
ghd-jha 1990
jia-jha 1989
971
1
ejg-jhb 1992
972
4
gga-jhc 1992
hei-jhc 1991
ced-jhc 1990
eej-jhc 1989
973
2
geb-jhd 1992
gba-jhd 1991
974
3
jih-jhe 1992
jae-jhe 1991
bbai-jhe 1990
975
4
gid-jhf 1992
fch-jhf 1991
behe-jhf 1990
bajj-jhf 1989
976
2
fbi-jhg 1992
hde-jhg 1991
977
3
gej-jhh 1992
gab-jhh 1991
bfia-jhh 1990
978
3
fca-jhi 1992
bagi-jhi 1991
bcj-jhi 1990
979
1
eei-jhj 1992
980
7
baca-jia 1992
hdd-jia 1991
bje-jia 1990
ddg-jia 1989
baac-jia 1988
ecc-jia 1987
bded-jia 1986
981
4
gda-jib 1992
bab-jib 1991
bjf-jib 1990
iac-jib 1989
982
2
hff-jic 1992
igj-jic 1991
983
4
cag-jid 1992
bdgd-jid 1991
jff-jid 1990
bgfj-jid 1989
984
3
cij-jie 1992
hdb-jie 1991
baih-jie 1990
985
4
bdih-jif 1992
dge-jif 1991
bb-jif 1990
hah-jif 1989
986
3
bbe-jig 1992
bafi-jig 1991
gha-jig 1990
987
3
gfi-jih 1992
jhi-jih 1991
bfa-jih 1990
988
4
ihe-jii 1992
bjh-jii 1991
cei-jii 1990
ddf-jii 1989
989
2
bah-jij 1992
ge-jij 1991
990
1
idh-jja 1992
991
6
ihg-jjb 1992
jif-jjb 1991
cjc-jjb 1990
ieg-jjb 1989
bdi-jjb 1988
hja-jjb 1987
992
3
jhg-jjc 1992
jbg-jjc 1991
bcgb-jjc 1990
993
1
daj-jjd 1992
994
5
hdd-jje 1992
ej-jje 1991
badd-jje 1990
baig-jje 1989
bbcg-jje 1988
995
2
ccf-jjf 1992
hja-jjf 1991
996
2
efa-jjg 1992
gfc-jjg 1991
997
1
geh-jjh 1992
998
2
j-jji 1992
hef-jji 1991
999
3
baea-jjj 1992
edg-jjj 1991
bcci-jjj 1990
1000
1
fgi-baaa 1992
1001
5
bbdf-baab 1992
bc-baab 1991
efi-baab 1990
ifd-baab 1989
jeg-baab 1988
1002
2
hig-baac 1992
jbh-baac 1991
1003
4
jcd-baad 1992
ehj-baad 1991
bbbh-baad 1990
ceb-baad 1989
1004
2
dib-baae 1992
eje-baae 1991
1005
2
bdej-baaf 1992
baae-baaf 1991
1006
5
beja-baag 1992
fc-baag 1991
cdc-baag 1990
ffj-baag 1989
jci-baag 1988
1007
2
jab-baah 1992
baef-baah 1991
1008
4
dgd-baai 1992
igj-baai 1991
bacb-baai 1990
baha-baai 1989
1009
1
ceb-baaj 1992
1010
5
jdf-baba 1992
haj-baba 1991
dfi-baba 1990
bbfb-baba 1989
ehi-baba 1988
1011
3
edh-babb 1992
ggi-babb 1991
djh-babb 1990
1012
5
ege-babc 1992
jga-babc 1991
baif-babc 1990
if-babc 1989
beag-babc 1988
1013
3
bddi-babd 1992
gec-babd 1991
dfe-babd 1990
1014
4
cjc-babe 1992
dbj-babe 1991
ije-babe 1990
ebj-babe 1989
1015
2
ceg-babf 1992
begj-babf 1991
1016
3
bbdj-babg 1992
bdhd-babg 1991
beba-babg 1990
1017
2
cbg-babh 1992
baia-babh 1991
1018
3
gd-babi 1992
cdb-babi 1991
baij-babi 1990
1019
3
bfib-babj 1992
bbcg-babj 1991
fdc-babj 1990
1020
1
igh-baca 1992
1021
6
jhb-bacb 1992
jce-bacb 1991
heb-bacb 1990
bcje-bacb 1989
jg-bacb 1988
bgbj-bacb 1987
1022
3
feg-bacc 1992
hbc-bacc 1991
gdb-bacc 1990
1023
1
jgf-bacd 1992
1024
2
dhb-bace 1992
bbcd-bace 1991
1025
1
ifd-bacf 1992
1026
2
cja-bacg 1992
bgdb-bacg 1991
1027
3
fdd-bach 1992
baag-bach 1991
bih-bach 1990
1028
2
egi-baci 1992
ejc-baci 1991
1029
4
ib-bacj 1992
ibj-bacj 1991
bada-bacj 1990
iha-bacj 1989
1030
4
ecj-bada 1992
hej-bada 1991
bbcf-bada 1990
gdb-bada 1989
1031
3
dcd-badb 1992
bddf-badb 1991
bdf-badb 1990
1032
3
cad-badc 1992
hfg-badc 1991
ifg-badc 1990
1033
3
jc-badd 1992
gh-badd 1991
bcac-badd 1990
1034
1
ega-bade 1992
1035
1
fgh-badf 1992
1036
2
bbbf-badg 1992
jhi-badg 1991
1037
2
fhe-badh 1992
bbgj-badh 1991
1038
2
ghg-badi 1992
bbdi-badi 1991
1039
4
ff-badj 1992
ijj-badj 1991
bbhf-badj 1990
bjf-badj 1989
1040
4
jgg-baea 1992
he-baea 1991
cid-baea 1990
hdd-baea 1989
1041
4
fd-baeb 1992
bbaf-baeb 1991
iag-baeb 1990
bdcj-baeb 1989
1042
5
bcac-baec 1992
ccb-baec 1991
jaa-baec 1990
hbg-baec 1989
jha-baec 1988
1043
1
djc-baed 1992
1044
1
baeg-baee 1992
1045
4
gj-baef 1992
bdbf-baef 1991
efd-baef 1990
fi-baef 1989
1046
4
baic-baeg 1992
jdc-baeg 1991
hhd-baeg 1990
bcef-baeg 1989
1047
2
ihg-baeh 1992
dfd-baeh 1991
1048
4
chj-baei 1992
bhc-baei 1991
bcig-baei 1990
bagg-baei 1989
1049
4
hih-baej 1992
bdij-baej 1991
bdfj-baej 1990
bbhh-baej 1989
1050
5
hgc-bafa 1992
cff-bafa 1991
jdj-bafa 1990
dgj-bafa 1989
babe-bafa 1988
1051
4
bcji-bafb 1992
baah-bafb 1991
bbbd-bafb 1990
gdg-bafb 1989
1052
4
jce-bafc 1992
gfg-bafc 1991
bbef-bafc 1990
hii-bafc 1989
1053
2
fei-bafd 1992
cfa-bafd 1991
1054
3
bgf-bafe 1992
dhc-bafe 1991
fdd-bafe 1990
1055
2
hcj-baff 1992
bfif-baff 1991
1056
1
fdd-bafg 1992
1057
1
jbd-bafh 1992
1058
4
bbgf-bafi 1992
bag-bafi 1991
chi-bafi 1990
bhj-bafi 1989
1059
3
bcag-bafj 1992
gfi-bafj 1991
hef-bafj 1990
1060
2
ded-baga 1992
bbag-baga 1991
1061
2
bcgd-bagb 1992
fhb-bagb 1991
1062
1
gie-bagc 1992
1063
3
ibg-bagd 1992
beg-bagd 1991
hgd-bagd 1990
1064
4
bbcj-bage 1992
babh-bage 1991
jfb-bage 1990
jhf-bage 1989
1065
2
bgd-bagf 1992
bede-bagf 1991
1066
5
bbgh-bagg 1992
jid-bagg 1991
baie-bagg 1990
hgb-bagg 1989
fcb-bagg 1988
1067
6
jbd-bagh 1992
eab-bagh 1991
cde-bagh 1990
ijg-bagh 1989
gje-bagh 1988
cgf-bagh 1987
1068
3
ggh-bagi 1992
ehh-bagi 1991
bcac-bagi 1990
1069
3
bad-bagj 1992
bgj-bagj 1991
jhd-bagj 1990
1070
2
bcgf-baha 1992
bgcc-baha 1991
1071
2
cgc-bahb 1992
bgah-bahb 1991
1072
1
hbg-bahc 1992
1073
6
bcgf-bahd 1992
dii-bahd 1991
behd-bahd 1990
efa-bahd 1989
beij-bahd 1988
dbb-bahd 1987
1074
1
bcdi-bahe 1992
1075
2
ffi-bahf 1992
bagd-bahf 1991
1076
2
bgc-bahg 1992
gjc-bahg 1991
1077
4
jab-bahh 1992
hea-bahh 1991
bedg-bahh 1990
bahg-bahh 1989
1078
4
ia-bahi 1992
ceh-bahi 1991
hab-bahi 1990
ghc-bahi 1989
1079
2
ghi-bahj 1992
fbe-bahj 1991
1080
3
gaf-baia 1992
jif-baia 1991
bgg-baia 1990
1081
2
hih-baib 1992
iac-baib 1991
1082
3
bcgg-baic 1992
iaa-baic 1991
babi-baic 1990
1083
2
ib-baid 1992
bejd-baid 1991
1084
5
chg-baie 1992
bai-baie 1991
efc-baie 1990
bade-baie 1989
iaf-baie 1988
1085
1
jcb-baif 1992
1086
4
ihc-baig 1992
jgh-baig 1991
edd-baig 1990
hif-baig 1989
1087
6
eea-baih 1992
bcgf-baih 1991
bbgd-baih 1990
bcej-baih 1989
gcf-baih 1988
becj-baih 1987
1088
2
ffj-baii 1992
bbab-baii 1991
1089
3
bfh-baij 1992
bha-baij 1991
ife-baij 1990
1090
4
cgg-baja 1992
bif-baja 1991
cdh-baja 1990
bcfj-baja 1989
1091
3
bdfg-bajb 1992
ji-bajb 1991
bafj-bajb 1990
1092
3
hih-bajc 1992
bbae-bajc 1991
dhb-bajc 1990
1093
4
hhg-bajd 1992
edc-bajd 1991
bfjc-bajd 1990
hha-bajd 1989
1094
4
hhe-baje 1992
bdab-baje 1991
iej-baje 1990
gfi-baje 1989
1095
5
eca-bajf 1992
bcje-bajf 1991
jeb-bajf 1990
jcd-bajf 1989
bbgi-bajf 1988
1096
2
cgf-bajg 1992
fi-bajg 1991
1097
2
bia-bajh 1992
hba-bajh 1991
1098
2
bhf-baji 1992
baje-baji 1991
1099
3
ejh-bajj 1992
eci-bajj 1991
bajf-bajj 1990
1100
3
ghb-bbaa 1992
beeg-bbaa 1991
bcfa-bbaa 1990
1101
2
cde-bbab 1992
bbfc-bbab 1991
1102
4
fed-bbac 1992
bejd-bbac 1991
iif-bbac 1990
dce-bbac 1989
1103
2
bbag-bbad 1992
jbh-bbad 1991
1104
6
eah-bbae 1992
bcfc-bbae 1991
hg-bbae 1990
gid-bbae 1989
bgba-bbae 1988
gc-bbae 1987
1105
2
hhg-bbaf 1992
eff-bbaf 1991
1106
1
gff-bbag 1992
1107
4
bfjh-bbah 1992
fhe-bbah 1991
cja-bbah 1990
beci-bbah 1989
1108
3
bafj-bbai 1992
bdch-bbai 1991
bhj-bbai 1990
1109
1
ich-bbaj 1992
1110
5
hde-bbba 1992
babb-bbba 1991
jid-bbba 1990
cgd-bbba 1989
hdb-bbba 1988
1111
1
hed-bbbb 1992
1113
4
icb-bbbd 1992
bbh-bbbd 1991
bgab-bbbd 1990
baec-bbbd 1989
1114
3
dhj-bbbe 1992
bcc-bbbe 1991
bccj-bbbe 1990
1115
3
gej-bbbf 1992
faj-bbbf 1991
cef-bbbf 1990
1116
3
baci-bbbg 1992
icb-bbbg 1991
ief-bbbg 1990
1117
2
bagc-bbbh 1992
ehg-bbbh 1991
1118
2
gee-bbbi 1992
bac-bbbi 1991
1119
3
big-bbbj 1992
bahe-bbbj 1991
bgdj-bbbj 1990
1120
2
bdd-bbca 1992
jcc-bbca 1991
1121
6
ccc-bbcb 1992
fbc-bbcb 1991
iee-bbcb 1990
djj-bbcb 1989
jfd-bbcb 1988
hih-bbcb 1987
1122
2
bgf-bbcc 1992
hbd-bbcc 1991
1123
3
jjd-bbcd 1992
gje-bbcd 1991
baii-bbcd 1990
1124
2
gde-bbce 1992
iff-bbce 1991
1125
2
bbae-bbcf 1992
fhc-bbcf 1991
1126
3
fcg-bbcg 1992
bdid-bbcg 1991
ccj-bbcg 1990
1127
1
icb-bbch 1992
1128
2
bie-bbci 1992
babh-bbci 1991
1129
2
bbbb-bbcj 1992
hee-bbcj 1991
1130
3
ehh-bbda 1992
bbji-bbda 1991
jde-bbda 1990
1131
5
bbf-bbdb 1992
bfdj-bbdb 1991
hjj-bbdb 1990
idc-bbdb 1989
ifa-bbdb 1988
1132
1
jh-bbdc 1992
1133
5
fgh-bbdd 1992
eii-bbdd 1991
beb-bbdd 1990
gid-bbdd 1989
bci-bbdd 1988
1134
1
jif-bbde 1992
1135
3
gbc-bbdf 1992
baed-bbdf 1991
gbi-bbdf 1990
1136
3
bid-bbdg 1992
bhc-bbdg 1991
bgdc-bbdg 1990
1137
3
eef-bbdh 1992
bcjd-bbdh 1991
ghb-bbdh 1990
1138
3
bcba-bbdi 1992
baee-bbdi 1991
hbh-bbdi 1990
1139
1
ghi-bbdj 1992
1140
3
dfh-bbea 1992
cga-bbea 1991
df-bbea 1990
1141
5
bffc-bbeb 1992
ji-bbeb 1991
bbde-bbeb 1990
bbae-bbeb 1989
ihd-bbeb 1988
1142
2
cai-bbec 1992
bcie-bbec 1991
1143
1
jc-bbed 1992
1144
2
gcj-bbee 1992
bdee-bbee 1991
1145
4
ce-bbef 1992
fjf-bbef 1991
badd-bbef 1990
fjb-bbef 1989
1146
3
bgbc-bbeg 1992
bcjg-bbeg 1991
eca-bbeg 1990
1147
2
ghj-bbeh 1992
eg-bbeh 1991
1148
2
eif-bbei 1992
gej-bbei 1991
1149
3
fja-bbej 1992
fci-bbej 1991
bcbb-bbej 1990
1150
2
jf-bbfa 1992
bacc-bbfa 1991
1151
5
fgd-bbfb 1992
ghj-bbfb 1991
bdah-bbfb 1990
bbgg-bbfb 1989
baji-bbfb 1988
1152
2
bfej-bbfc 1992
ibh-bbfc 1991
1153
4
ebc-bbfd 1992
bdje-bbfd 1991
bdcj-bbfd 1990
eaa-bbfd 1989
1154
2
chg-bbfe 1992
bbgi-bbfe 1991
1155
6
jig-bbff 1992
dbh-bbff 1991
hg-bbff 1990
ihi-bbff 1989
fcc-bbff 1988
bdjd-bbff 1987
1156
4
bcjh-bbfg 1992
eee-bbfg 1991
fea-bbfg 1990
bfee-bbfg 1989
1157
3
efd-bbfh 1992
gec-bbfh 1991
bbjg-bbfh 1990
1158
3
bace-bbfi 1992
bfhb-bbfi 1991
bbej-bbfi 1990
1159
4
cje-bbfj 1992
babh-bbfj 1991
cbc-bbfj 1990
ifc-bbfj 1989
1160
2
eji-bbga 1992
jbc-bbga 1991
1161
4
iic-bbgb 1992
jff-bbgb 1991
hgd-bbgb 1990
hi-bbgb 1989
1162
1
bafa-bbgc 1992
1163
1
bgag-bbgd 1992
1164
4
ihg-bbge 1992
ddd-bbge 1991
eb-bbge 1990
bbff-bbge 1989
1165
1
fcj-bbgf 1992
1166
4
ca-bbgg 1992
gfh-bbgg 1991
bcde-bbgg 1990
bdai-bbgg 1989
1167
1
bbei-bbgh 1992
1168
4
jab-bbgi 1992
bdgi-bbgi 1991
bfi-bbgi 1990
jgi-bbgi 1989
1169
4
hjc-bbgj 1992
bbcj-bbgj 1991
eah-bbgj 1990
bejh-bbgj 1989
1170
2
fbe-bbha 1992
begi-bbha 1991
1171
2
djd-bbhb 1992
iec-bbhb 1991
1172
3
jdi-bbhc 1992
bca-bbhc 1991
cbh-bbhc 1990
1173
4
ece-bbhd 1992
bced-bbhd 1991
bdb-bbhd 1990
j-bbhd 1989
1174
4
fh-bbhe 1992
id-bbhe 1991
gfe-bbhe 1990
bbgb-bbhe 1989
1175
3
bfec-bbhf 1992
baif-bbhf 1991
dia-bbhf 1990
1177
2
bcjf-bbhh 1992
beee-bbhh 1991
1178
2
bfge-bbhi 1992
hgi-bbhi 1991
1179
1
c-bbhj 1992
1180
3
ij-bbia 1992
ei-bbia 1991
edb-bbia 1990
1181
1
bdi-bbib 1992
1182
2
befc-bbic 1992
iab-bbic 1991
1183
1
bbdd-bbid 1992
1184
3
bbhj-bbie 1992
dee-bbie 1991
def-bbie 1990
1185
2
bij-bbif 1992
dcj-bbif 1991
1186
1
cig-bbig 1992
1187
2
bfd-bbih 1992
gc-bbih 1991
1188
2
jhc-bbii 1992
bfgf-bbii 1991
1189
3
cdd-bbij 1992
beci-bbij 1991
bbdf-bbij 1990
1190
2
bacb-bbja 1992
fec-bbja 1991
1191
2
gje-bbjb 1992
ffj-bbjb 1991
1192
3
bhc-bbjc 1992
bbha-bbjc 1991
ii-bbjc 1990
1193
1
jig-bbjd 1992
1194
1
cbd-bbje 1992
1195
4
dji-bbjf 1992
fcj-bbjf 1991
jbg-bbjf 1990
haj-bbjf 1989
1196
3
hjb-bbjg 1992
bbfe-bbjg 1991
bagj-bbjg 1990
1197
2
jih-bbjh 1992
bcjb-bbjh 1991
1198
3
ijh-bbji 1992
bch-bbji 1991
hhi-bbji 1990
1199
1
cig-bbjj 1992
1200
2
bbie-bcaa 1992
bgb-bcaa 1991
1201
4
dfi-bcab 1992
jjj-bcab 1991
gce-bcab 1990
bchi-bcab 1989
1202
3
had-bcac 1992
hac-bcac 1991
fa-bcac 1990
1203
3
hcd-bcad 1992
bdf-bcad 1991
bgcb-bcad 1990
1204
2
bdaj-bcae 1992
ibg-bcae 1991
1205
3
jh-bcaf 1992
bbha-bcaf 1991
bcda-bcaf 1990
1206
2
babb-bcag 1992
bgch-bcag 1991
1207
1
eed-bcah 1992
1208
1
bbcj-bcai 1992
1209
1
bbji-bcaj 1992
1210
2
gfc-bcba 1992
ejb-bcba 1991
1211
3
hag-bcbb 1992
bdbj-bcbb 1991
die-bcbb 1990
1212
5
ef-bcbc 1992
bcij-bcbc 1991
bbai-bcbc 1990
dbe-bcbc 1989
bafj-bcbc 1988
1213
1
baca-bcbd 1992
1214
2
gda-bcbe 1992
bdd-bcbe 1991
1215
2
igc-bcbf 1992
bged-bcbf 1991
1216
3
dbh-bcbg 1992
behc-bcbg 1991
iea-bcbg 1990
1217
1
bhg-bcbh 1992
1218
3
bfcf-bcbi 1992
jcf-bcbi 1991
jdd-bcbi 1990
1219
3
bcch-bcbj 1992
hgc-bcbj 1991
hjj-bcbj 1990
1220
4
bdhj-bcca 1992
fb-bcca 1991
behj-bcca 1990
jfe-bcca 1989
1221
3
bcag-bccb 1992
egb-bccb 1991
cid-bccb 1990
1222
1
edj-bccc 1992
1223
3
ced-bccd 1992
behg-bccd 1991
bfed-bccd 1990
1224
2
iib-bcce 1992
eci-bcce 1991
1225
2
bajb-bccf 1992
bfhd-bccf 1991
1226
2
badf-bccg 1992
begg-bccg 1991
1227
1
hjg-bcch 1992
1228
2
bcae-bcci 1992
hjd-bcci 1991
1229
6
bdeb-bccj 1992
dci-bccj 1991
bg-bccj 1990
cfg-bccj 1989
hci-bccj 1988
gbe-bccj 1987
1230
3
beii-bcda 1992
ijd-bcda 1991
dh-bcda 1990
1231
3
bddd-bcdb 1992
baci-bcdb 1991
bbeb-bcdb 1990
1232
4
bfga-bcdc 1992
ghb-bcdc 1991
bcj-bcdc 1990
bccd-bcdc 1989
1233
3
bbfh-bcdd 1992
bdid-bcdd 1991
bagh-bcdd 1990
1234
5
bcha-bcde 1992
cba-bcde 1991
gic-bcde 1990
beje-bcde 1989
baji-bcde 1988
1235
1
bbef-bcdf 1992
1236
3
jje-bcdg 1992
chc-bcdg 1991
hjc-bcdg 1990
1237
2
bchf-bcdh 1992
faf-bcdh 1991
1238
3
becb-bcdi 1992
hee-bcdi 1991
cfg-bcdi 1990
1239
1
fdb-bcdj 1992
1240
1
becb-bcea 1992
1241
2
bfcf-bceb 1992
idj-bceb 1991
1242
1
dgj-bcec 1992
1243
1
bcjd-bced 1992
1244
6
bdca-bcee 1992
ejh-bcee 1991
gdf-bcee 1990
iai-bcee 1989
ffd-bcee 1988
bdja-bcee 1987
1245
2
fbb-bcef 1992
fbj-bcef 1991
1246
1
cca-bceg 1992
1247
4
bge-bceh 1992
fab-bceh 1991
bbdf-bceh 1990
bdae-bceh 1989
1248
1
bci-bcei 1992
1249
3
ef-bcej 1992
gif-bcej 1991
jfh-bcej 1990
1250
2
djh-bcfa 1992
jfh-bcfa 1991
1252
2
jbj-bcfc 1992
cig-bcfc 1991
1253
3
beie-bcfd 1992
jeh-bcfd 1991
idg-bcfd 1990
1254
1
jh-bcfe 1992
1255
4
ddd-bcff 1992
iie-bcff 1991
hfh-bcff 1990
begg-bcff 1989
1256
2
bcje-bcfg 1992
fjj-bcfg 1991
1257
1
egd-bcfh 1992
1258
1
ihe-bcfi 1992
1259
4
jii-bcfj 1992
cig-bcfj 1991
ibc-bcfj 1990
bchb-bcfj 1989
1260
1
ghc-bcga 1992
1261
2
jae-bcgb 1992
eai-bcgb 1991
1262
2
bahc-bcgc 1992
beih-bcgc 1991
1263
1
gba-bcgd 1992
1264
3
bddi-bcge 1992
bgh-bcge 1991
baih-bcge 1990
1265
1
bbga-bcgf 1992
1266
2
beej-bcgg 1992
bfhf-bcgg 1991
1267
2
cbj-bcgh 1992
bdjg-bcgh 1991
1268
4
bfh-bcgi 1992
bge-bcgi 1991
fca-bcgi 1990
hce-bcgi 1989
1269
3
bfci-bcgj 1992
bdbg-bcgj 1991
beae-bcgj 1990
1270
2
dgg-bcha 1992
deh-bcha 1991
1271
2
hhd-bchb 1992
bdfj-bchb 1991
1272
2
bdb-bchc 1992
cej-bchc 1991
1273
2
bdaf-bchd 1992
jbd-bchd 1991
1274
2
becg-bche 1992
gcd-bche 1991
1275
2
hdj-bchf 1992
bfag-bchf 1991
1276
4
idc-bchg 1992
hhj-bchg 1991
hga-bchg 1990
bebi-bchg 1989
1277
5
cjb-bchh 1992
bcjb-bchh 1991
hhi-bchh 1990
bbij-bchh 1989
bcjj-bchh 1988
1278
2
bcdj-bchi 1992
ifh-bchi 1991
1279
1
jcd-bchj 1992
1280
5
ibc-bcia 1992
hid-bcia 1991
hhg-bcia 1990
baid-bcia 1989
bgec-bcia 1988
1281
4
bdcc-bcib 1992
dde-bcib 1991
bje-bcib 1990
bfgd-bcib 1989
1283
1
bede-bcid 1992
1284
3
bebd-bcie 1992
bbgh-bcie 1991
eic-bcie 1990
1285
2
jhh-bcif 1992
bdjb-bcif 1991
1286
1
fae-bcig 1992
1287
1
cae-bcih 1992
1288
3
bafh-bcii 1992
jeh-bcii 1991
cga-bcii 1990
1289
1
ebd-bcij 1992
1290
3
ica-bcja 1992
bbfi-bcja 1991
hhd-bcja 1990
1291
2
bcaa-bcjb 1992
dba-bcjb 1991
1292
2
bbdg-bcjc 1992
bbaf-bcjc 1991
1293
1
hdf-bcjd 1992
1294
1
bbfh-bcje 1992
1295
4
fda-bcjf 1992
bedc-bcjf 1991
dde-bcjf 1990
bdjc-bcjf 1989
1296
2
jce-bcjg 1992
eii-bcjg 1991
1297
1
dch-bcjh 1992
1298
2
dg-bcji 1992
ida-bcji 1991
1299
2
fig-bcjj 1992
bfgi-bcjj 1991
1300
3
eba-bdaa 1992
gcj-bdaa 1991
edh-bdaa 1990
1301
2
iji-bdab 1992
bdib-bdab 1991
1302
2
gba-bdac 1992
cgb-bdac 1991
1303
3
jdi-bdad 1992
dja-bdad 1991
ch-bdad 1990
1304
2
bbif-bdae 1992
bahi-bdae 1991
1305
1
ga-bdaf 1992
1306
1
badg-bdag 1992
1307
2
beeg-bdah 1992
ibd-bdah 1991
1308
2
bajh-bdai 1992
baij-bdai 1991
1309
2
je-bdaj 1992
hed-bdaj 1991
1310
1
bbch-bdba 1992
1311
1
jeh-bdbb 1992
1312
1
bcgf-bdbc 1992
1314
1
hh-bdbe 1992
1315
1
hf-bdbf 1992
1316
3
ddc-bdbg 1992
hdj-bdbg 1991
bfii-bdbg 1990
1317
1
jhg-bdbh 1992
1318
2
bfbc-bdbi 1992
dbc-bdbi 1991
1319
4
bbci-bdbj 1992
dhe-bdbj 1991
jfa-bdbj 1990
gid-bdbj 1989
1320
1
fej-bdca 1992
1321
2
cii-bdcb 1992
ibj-bdcb 1991
1322
2
iig-bdcc 1992
bdhf-bdcc 1991
1323
2
bbcb-bdcd 1992
bdgd-bdcd 1991
1324
1
jfc-bdce 1992
1325
1
faa-bdcf 1992
1326
1
bce-bdcg 1992
1327
2
cac-bdch 1992
hgc-bdch 1991
1328
2
ci-bdci 1992
efh-bdci 1991
1329
2
feb-bdcj 1992
jjc-bdcj 1991
1330
2
bebj-bdda 1992
efh-bdda 1991
1331
1
bbbg-bddb 1992
1333
2
daa-bddd 1992
bcbf-bddd 1991
1334
2
bid-bdde 1992
jif-bdde 1991
1335
3
gig-bddf 1992
bbbg-bddf 1991
bbcc-bddf 1990
1336
1
badj-bddg 1992
1337
1
bffa-bddh 1992
1338
1
fjg-bddi 1992
1339
3
bj-bddj 1992
bcaf-bddj 1991
bbbe-bddj 1990
1340
1
dc-bdea 1992
1341
2
jaf-bdeb 1992
bdif-bdeb 1991
1342
4
bfeg-bdec 1992
cca-bdec 1991
ida-bdec 1990
bfaf-bdec 1989
1343
2
bbbi-bded 1992
befd-bded 1991
1344
3
cgc-bdee 1992
bcie-bdee 1991
gii-bdee 1990
1345
2
bbeg-bdef 1992
hbe-bdef 1991
1346
3
iai-bdeg 1992
bgfb-bdeg 1991
hdh-bdeg 1990
1347
2
ecj-bdeh 1992
cfc-bdeh 1991
1348
1
bccd-bdei 1992
1349
2
bfaa-bdej 1992
jag-bdej 1991
1350
3
jjf-bdfa 1992
bje-bdfa 1991
hdb-bdfa 1990
1351
2
icf-bdfb 1992
ijg-bdfb 1991
1352
1
hdc-bdfc 1992
1353
2
efb-bdfd 1992
bec-bdfd 1991
1354
2
bfeg-bdfe 1992
gdf-bdfe 1991
1355
1
jga-bdff 1992
1356
2
bib-bdfg 1992
bdic-bdfg 1991
1357
2
bege-bdfh 1992
bacc-bdfh 1991
1358
2
jcf-bdfi 1992
becc-bdfi 1991
1359
3
cdf-bdfj 1992
bbjf-bdfj 1991
hae-bdfj 1990
1360
4
begc-bdga 1992
ehh-bdga 1991
bafa-bdga 1990
ihf-bdga 1989
1361
3
fca-bdgb 1992
hig-bdgb 1991
bead-bdgb 1990
1362
2
bcbd-bdgc 1992
eba-bdgc 1991
1363
2
gga-bdgd 1992
gbc-bdgd 1991
1364
1
baej-bdge 1992
1365
3
gdb-bdgf 1992
fcc-bdgf 1991
bfbe-bdgf 1990
1366
1
fbh-bdgg 1992
1367
2
eea-bdgh 1992
ghj-bdgh 1991
1368
2
bdjb-bdgi 1992
bdj-bdgi 1991
1369
2
hhh-bdgj 1992
bgdi-bdgj 1991
1370
3
gfj-bdha 1992
daj-bdha 1991
behi-bdha 1990
1371
2
haf-bdhb 1992
hbh-bdhb 1991
1372
2
jei-bdhc 1992
bahg-bdhc 1991
1373
2
bae-bdhd 1992
bcbg-bdhd 1991
1374
4
baia-bdhe 1992
ecc-bdhe 1991
jjj-bdhe 1990
bagb-bdhe 1989
1375
2
bcdh-bdhf 1992
bfae-bdhf 1991
1376
1
efd-bdhg 1992
1377
1
bdfd-bdhh 1992
1378
3
hb-bdhi 1992
ihe-bdhi 1991
ccf-bdhi 1990
1379
1
iah-bdhj 1992
1380
2
bgff-bdia 1992
jgg-bdia 1991
1381
1
bcfi-bdib 1992
1382
1
hhg-bdic 1992
1383
1
beh-bdid 1992
1384
1
igc-bdie 1992
1385
2
f-bdif 1992
fgc-bdif 1991
1386
2
bajc-bdig 1992
bdge-bdig 1991
1387
1
ijf-bdih 1992
1388
2
fbg-bdii 1992
cch-bdii 1991
1389
1
fbg-bdij 1992
1390
2
bdeb-bdja 1992
bbhb-bdja 1991
1391
1
bchd-bdjb 1992
1392
2
ifh-bdjc 1992
bfbb-bdjc 1991
1393
1
eca-bdjd 1992
1394
3
cge-bdje 1992
bbjb-bdje 1991
bacj-bdje 1990
1395
1
jig-bdjf 1992
1396
1
bdef-bdjg 1992
1397
2
baj-bdjh 1992
bfdf-bdjh 1991
1398
2
bej-bdji 1992
egb-bdji 1991
1399
2
cb-bdjj 1992
bccf-bdjj 1991
1400
2
eeb-beaa 1992
bcfj-beaa 1991
1401
2
baai-beab 1992
bdde-beab 1991
1403
2
bafg-bead 1992
bib-bead 1991
1404
1
bdch-beae 1992
1405
1
geb-beaf 1992
1406
1
cci-beag 1992
1407
3
jie-beah 1992
bche-beah 1991
bgfc-beah 1990
1408
1
ida-beai 1992
1409
2
bcea-beaj 1992
dea-beaj 1991
1410
3
bfg-beba 1992
bbcb-beba 1991
bbf-beba 1990
1411
1
bgf-bebb 1992
1412
1
bbah-bebc 1992
1413
2
babc-bebd 1992
bejj-bebd 1991
1414
1
bccd-bebe 1992
1415
2
ghb-bebf 1992
bbfj-bebf 1991
1416
1
idj-bebg 1992
1417
2
bbgc-bebh 1992
dag-bebh 1991
1418
1
fad-bebi 1992
1419
1
bbec-bebj 1992
1420
2
ddg-beca 1992
jjf-beca 1991
1421
3
jed-becb 1992
bcg-becb 1991
bfbj-becb 1990
1422
2
bcc-becc 1992
haf-becc 1991
1423
2
fba-becd 1992
bbii-becd 1991
1424
1
fii-bece 1992
1425
2
fed-becf 1992
hce-becf 1991
1426
1
bagi-becg 1992
1427
1
dfj-bech 1992
1428
1
bbgj-beci 1992
1429
2
bdbi-becj 1992
hec-becj 1991
1430
3
bc-beda 1992
cbd-beda 1991
bfhh-beda 1990
1431
1
bebd-bedb 1992
1432
2
baic-bedc 1992
bfaj-bedc 1991
1433
1
ceg-bedd 1992
1434
2
hf-bede 1992
bbda-bede 1991
1435
2
djf-bedf 1992
ebh-bedf 1991
1436
2
gfg-bedg 1992
jbg-bedg 1991
1437
2
baha-bedh 1992
bgai-bedh 1991
1438
2
bfba-bedi 1992
iib-bedi 1991
1439
1
igd-bedj 1992
1441
2
bbee-beeb 1992
hcf-beeb 1991
1442
1
jba-beec 1992
1443
3
dgj-beed 1992
bfih-beed 1991
becd-beed 1990
1444
2
hhc-beee 1992
eff-beee 1991
1445
2
hhf-beef 1992
icf-beef 1991
1446
3
befc-beeg 1992
he-beeg 1991
bdeb-beeg 1990
1447
1
bdgc-beeh 1992
1448
1
bdcg-beei 1992
1449
1
cge-beej 1992
1450
2
ebe-befa 1992
cbc-befa 1991
1451
1
babd-befb 1992
1452
1
bchf-befc 1992
1453
3
chj-befd 1992
dci-befd 1991
iia-befd 1990
1454
1
fif-befe 1992
1455
2
hc-beff 1992
fid-beff 1991
1456
1
bah-befg 1992
1457
1
heh-befh 1992
1458
1
bahf-befi 1992
1459
1
bdgc-befj 1992
1460
1
gca-bega 1992
1461
1
iie-begb 1992
1462
2
bgad-begc 1992
ghf-begc 1991
1463
1
bdgi-begd 1992
1464
2
bdci-bege 1992
babb-bege 1991
1465
1
dfc-begf 1992
1466
2
bfai-begg 1992
ifb-begg 1991
1467
1
eac-begh 1992
1468
1
cff-begi 1992
1469
2
eef-begj 1992
bbfb-begj 1991
1470
3
bebd-beha 1992
cji-beha 1991
hcj-beha 1990
1471
1
bfdh-behb 1992
1472
1
ifa-behc 1992
1473
1
eda-behd 1992
1474
3
ihd-behe 1992
baja-behe 1991
bgaa-behe 1990
1475
1
hdf-behf 1992
1476
1
iei-behg 1992
1477
1
bcgg-behh 1992
1478
2
bjh-behi 1992
bgde-behi 1991
1479
3
ihb-behj 1992
dcd-behj 1991
dbd-behj 1990
1480
1
ffd-beia 1992
1481
1
bdaj-beib 1992
1482
3
bbb-beic 1992
ec-beic 1991
dg-beic 1990
1483
2
bdje-beid 1992
iai-beid 1991
1484
1
cgc-beie 1992
1485
3
cii-beif 1992
hfb-beif 1991
gab-beif 1990
1486
2
baf-beig 1992
bedd-beig 1991
1487
2
dcc-beih 1992
ijd-beih 1991
1488
1
cbe-beii 1992
1489
2
che-beij 1992
bah-beij 1991
1490
1
cid-beja 1992
1491
1
bace-bejb 1992
1493
1
badc-bejd 1992
1494
1
baag-beje 1992
1495
1
jhi-bejf 1992
1496
2
cha-bejg 1992
bcag-bejg 1991
1497
1
bdaa-bejh 1992
1498
2
ifa-beji 1992
dcf-beji 1991
1499
1
cdg-bejj 1992
1500
2
bhf-bfaa 1992
ccd-bfaa 1991
1501
1
fbi-bfab 1992
1503
1
jhc-bfad 1992
1504
3
bai-bfae 1992
ecc-bfae 1991
bfah-bfae 1990
1505
2
hbb-bfaf 1992
bedh-bfaf 1991
1506
2
bdad-bfag 1992
jai-bfag 1991
1507
1
jbf-bfah 1992
1508
1
bcaj-bfai 1992
1509
1
bcjd-bfaj 1992
1510
1
bdgg-bfba 1992
1511
1
hda-bfbb 1992
1512
1
ijd-bfbc 1992
1513
3
bbjd-bfbd 1992
dcg-bfbd 1991
fia-bfbd 1990
1514
1
behh-bfbe 1992
1515
2
bdga-bfbf 1992
efe-bfbf 1991
1516
1
hih-bfbg 1992
1518
1
jjc-bfbi 1992
1519
1
beif-bfbj 1992
1520
1
ghc-bfca 1992
1521
3
gfa-bfcb 1992
bbba-bfcb 1991
gaj-bfcb 1990
1522
1
gga-bfcc 1992
1523
3
ggc-bfcd 1992
bcdc-bfcd 1991
bdbj-bfcd 1990
1524
1
jh-bfce 1992
1525
1
bca-bfcf 1992
1526
3
bfgg-bfcg 1992
bgdj-bfcg 1991
cjc-bfcg 1990
1527
1
bafe-bfch 1992
1528
1
fjb-bfci 1992
1529
2
gh-bfcj 1992
dif-bfcj 1991
1530
2
bgce-bfda 1992
baai-bfda 1991
1531
1
iih-bfdb 1992
1532
1
bfbc-bfdc 1992
1533
1
bcgh-bfdd 1992
1534
1
jgf-bfde 1992
1535
1
ddf-bfdf 1992
1536
1
bdfi-bfdg 1992
1537
1
bdec-bfdh 1992
1538
2
ihc-bfdi 1992
fgc-bfdi 1991
1539
2
dgg-bfdj 1992
bddd-bfdj 1991
1540
1
jdg-bfea 1992
1541
1
ggf-bfeb 1992
1542
2
bdge-bfec 1992
edg-bfec 1991
1543
2
iia-bfed 1992
iea-bfed 1991
1544
2
dae-bfee 1992
fhi-bfee 1991
1545
4
bgda-bfef 1992
bgaf-bfef 1991
faa-bfef 1990
ied-bfef 1989
1546
1
dfb-bfeg 1992
1547
1
fdc-bfeh 1992
1548
1
cbf-bfei 1992
1549
1
bdia-bfej 1992
1550
1
iab-bffa 1992
1551
1
bda-bffb 1992
1552
1
iai-bffc 1992
1553
1
egi-bffd 1992
1554
1
jai-bffe 1992
1555
1
becg-bfff 1992
1556
1
gci-bffg 1992
1557
1
ghi-bffh 1992
1558
1
ed-bffi 1992
1559
1
eda-bffj 1992
1560
2
bfj-bfga 1992
dcg-bfga 1991
1561
2
bcfj-bfgb 1992
beif-bfgb 1991
1562
1
bdac-bfgc 1992
1563
1
ihj-bfgd 1992
1564
1
chj-bfge 1992
1565
2
eig-bfgf 1992
bgga-bfgf 1991
1566
1
ec-bfgg 1992
1567
1
bbie-bfgh 1992
1568
3
bgee-bfgi 1992
fea-bfgi 1991
bgej-bfgi 1990
1570
1
cga-bfha 1992
1571
1
bhg-bfhb 1992
1572
1
dgd-bfhc 1992
1573
1
bdgb-bfhd 1992
1574
1
bfi-bfhe 1992
1575
2
ded-bfhf 1992
jjj-bfhf 1991
1576
2
ibi-bfhg 1992
bfhi-bfhg 1991
1577
1
ibh-bfhh 1992
1578
1
ice-bfhi 1992
1579
2
gih-bfhj 1992
bejj-bfhj 1991
1580
1
df-bfia 1992
1581
1
bdca-bfib 1992
1582
2
bgfg-bfic 1992
igc-bfic 1991
1583
1
hfa-bfid 1992
1584
1
ceh-bfie 1992
1585
2
caa-bfif 1992
dfi-bfif 1991
1587
1
cif-bfih 1992
1588
2
edc-bfii 1992
hjg-bfii 1991
1589
1
gih-bfij 1992
1590
1
bie-bfja 1992
1591
1
icj-bfjb 1992
1592
1
bej-bfjc 1992
1593
1
bajd-bfjd 1992
1594
1
bfba-bfje 1992
1595
1
cdg-bfjf 1992
1596
1
bdej-bfjg 1992
1597
1
bcga-bfjh 1992
1598
1
bebd-bfji 1992
1599
1
hhg-bfjj 1992
1600
1
bcdd-bgaa 1992
1601
1
fga-bgab 1992
1602
1
babg-bgac 1992
1603
1
bdba-bgad 1992
1604
1
bajd-bgae 1992
1605
1
beab-bgaf 1992
1606
1
bed-bgag 1992
1607
1
bdhi-bgah 1992
1608
1
baji-bgai 1992
1609
1
egb-bgaj 1992
1610
1
ddd-bgba 1992
1611
1
dib-bgbb 1992
1612
1
bba-bgbc 1992
1613
2
bfb-bgbd 1992
bfje-bgbd 1991
1614
1
bfhe-bgbe 1992
1615
1
bbfa-bgbf 1992
1616
1
dff-bgbg 1992
1617
2
ece-bgbh 1992
bgfh-bgbh 1991
1618
1
bfjc-bgbi 1992
1619
1
cbj-bgbj 1992
1620
1
hjh-bgca 1992
1621
1
icd-bgcb 1992
1622
2
bdbe-bgcc 1992
dga-bgcc 1991
1624
1
bacd-bgce 1992
1625
1
cib-bgcf 1992
1626
1
cba-bgcg 1992
1627
1
cga-bgch 1992
1628
2
bda-bgci 1992
hje-bgci 1991
1629
1
beeg-bgcj 1992
1630
1
bcai-bgda 1992
1631
1
jdd-bgdb 1992
1632
1
gbb-bgdc 1992
1633
3
bffd-bgdd 1992
bhf-bgdd 1991
ede-bgdd 1990
1634
1
beic-bgde 1992
1635
1
bbia-bgdf 1992
1636
1
baf-bgdg 1992
1637
1
hhh-bgdh 1992
1638
2
jdi-bgdi 1992
bach-bgdi 1991
1639
1
jdb-bgdj 1992
1640
1
bcia-bgea 1992
1641
1
ega-bgeb 1992
1642
2
bacg-bgec 1992
djd-bgec 1991
1643
1
behi-bged 1992
1644
1
hjf-bgee 1992
1645
1
fed-bgef 1992
1646
1
baca-bgeg 1992
1647
1
bece-bgeh 1992
1648
1
bgca-bgei 1992
1649
1
jej-bgej 1992
1650
1
bddj-bgfa 1992
1651
1
bhh-bgfb 1992
1652
1
bfjg-bgfc 1992
1653
2
ddb-bgfd 1992
gif-bgfd 1991
1654
1
bfcf-bgfe 1992
1655
1
bcgh-bgff 1992
1656
1
bce-bgfg 1992
1657
1
bgbi-bgfh 1992
1658
1
bie-bgfi 1992
1659
1
eef-bgfj 1992
1660
1
bdhi-bgga 1992
1661
1
bdhg-bggb 1992