172
2 2 4
2 9 30
2 37 39
2 42 43
2 49 51
2 53 57
2 58 62
2 63 67
2 68 74
2 75 77
2 82 83
2 84 85
2 87 88
2 94 96
2 98 102
2 103 110
2 118 122
2 125 126
2 127 130
2 131 133
2 134 135
2 137 140
2 142 143
2 145 146
2 150 157
2 161 167
2 168 169
2 171 173
2 176 178
2 179 183
2 184 191
2 194 202
2 205 206
2 209 211
2 215 216
2 220 222
2 223 224
2 227 228
2 229 232
2 238 239
2 241 243
2 246 248
2 250 253
2 255 257
2 260 262
2 265 270
2 272 275
2 281 287
2 290 291
2 293 296
2 297 303
2 305 308
2 309 312
2 313 314
2 316 317
2 318 321
2 323 327
2 331 335
2 338 340
2 342 343
2 344 346
2 349 354
2 355 357
2 366 368
2 370 374
3 380 381 382
3 383 386 389
3 393 398 402
3 404 406 408
3 413 415 416
3 417 418 426
3 428 435 436
3 440 456 457
3 458 464 465
3 466 469 470
3 471 476 477
3 478 479 480
3 481 483 485
3 487 488 489
3 491 493 496
3 16 22 25
3 26 27 29
3 32 36 40
3 41 44 45
3 46 50 54
3 56 59 66
3 69 70 76
3 78 79 80
3 81 92 95
3 100 101 104
3 106 107 109
3 112 114 115
3 116 119 124
3 128 129 132
3 136 138 144
3 148 151 152
3 153 160 164
3 172 174 185
3 186 195 198
3 200 204 207
3 217 226 233
3 237 244 245
3 247 251 254
3 259 267 269
3 274 280 282
3 284 285 289
3 295 304 307
3 325 332 339
3 341 347 359
3 361 363 365
3 372 373 377
3 378 379 390
3 395 401 411
3 425 432 446
3 450 453 460
3 461 468 490
3 494 3 6
3 8 10 13
3 18 23 24
3 31 55 65
3 71 89 90
3 91 99 105
3 117 121 123
3 139 149 159
3 162 163 177
4 180 188 192 201
4 203 214 218 225
4 230 235 242 263
4 268 276 278 283
4 294 302 328 336
4 345 348 351 353
4 362 364 375 384
4 388 391 392 394
4 397 399 400 403
4 407 412 422 424
4 427 429 431 437
4 438 442 444 447
4 449 459 467 472
4 474 497 5 15
4 19 20 34 60
4 61 147 175 181
4 187 193 199 208
4 219 231 236 240
4 249 258 271 273
4 277 288 292 311
4 320 324 356 360
4 367 385 387 396
4 405 409 419 430
4 433 439 445 455
4 473 498 499 0
4 38 48 52 108
4 111 113 155 166
4 210 221 234 261
4 264 298 310 329
4 350 371 376 434
4 448 451 452 463
4 475 486 11 64
4 72 73 120 141
4 156 158 170 182
4 213 266 301 319
4 337 410 443 462
4 484 495 7 17
4 86 154 189 212
4 334 352 358 414
4 492 1 14 21
4 256 279 299 306
4 315 322 330 421
4 454 12 33 47
4 165 300 326 482
4 28 35 93 97
4 190 196 197 252
4 286 333 369 420