1628
2 92 350
2 420 494
2 701 722
2 770 783
2 817 1244
2 1262 1300
2 1363 1367
2 1387 1432
2 1566 1577
2 1736 1790
2 1842 2014
2 2048 2063
2 2217 2247
2 2258 2273
2 2404 2593
2 2609 2684
2 2971 2975
2 2989 3130
2 3206 3277
2 3285 3288
2 3378 3460
2 3551 3720
2 3800 3850
2 3959 3962
2 4264 4265
2 4347 4459
2 4543 4603
2 4722 4748
2 4934 5000
2 5004 5112
2 5139 5270
2 5291 5385
2 5630 5762
2 6271 6276
2 6399 6552
2 6712 6775
2 6795 6874
2 6906 6987
2 7039 7144
2 7169 7189
2 7291 7446
2 7469 7552
2 7641 7708
2 7774 7810
2 7908 8005
2 8069 8169
2 8218 8225
2 8350 8362
2 8404 8457
2 8490 8492
2 8538 8575
2 8619 8680
2 8691 8795
2 8916 8971
2 9061 9093
2 9420 9441
2 9467 9494
2 9517 9581
2 9738 9780
2 9824 9918
2 35 102
2 205 246
2 375 551
2 663 857
2 882 929
2 944 1011
2 1072 1257
2 1280 1309
2 1370 1573
2 1651 1739
2 1771 1879
2 1910 2151
2 2223 2287
2 2290 2341
2 2465 2618
2 2655 2677
2 2719 2943
2 2986 3185
2 3230 3252
2 3282 3294
2 3336 3390
2 3436 3652
2 3836 3858
2 4017 4072
2 4207 4275
2 4276 4432
2 4462 4497
2 4687 4853
2 4889 4903
2 4921 5016
2 5116 5119
2 5165 5243
2 5258 5312
2 5381 5414
2 5475 5626
2 5759 5933
2 6084 6116
2 6138 6221
2 6267 6327
2 6383 6408
2 6433 6469
2 6594 6736
2 6867 6898
2 6936 7054
2 7082 7114
2 7226 7312
2 7680 7790
2 8046 8074
2 8092 8102
2 8120 8207
2 8249 8403
2 8787 8800
2 8910 8989
2 8993 9067
2 9300 9417
2 9428 9454
2 9460 9481
2 9567 9725
2 9850 9953
2 15 73
2 155 320
2 539 588
2 655 914
2 932 1014
2 1251 1342
2 1360 1380
2 1398 1420
2 1500 1603
2 1719 2005
2 2111 2317
2 2369 2413
2 2588 2641
2 2643 2764
2 2853 2904
2 2991 3380
2 3406 3441
2 3461 3545
2 3550 3576
2 3766 3778
2 3831 3955
2 4241 4493
2 4601 5062
2 5186 5319
2 5477 5587
2 5590 5620
2 5629 6139
2 6159 6325
2 6418 6431
2 6475 6696
2 6722 6980
2 7021 7034
2 7133 7338
2 7448 7452
2 7589 7650
2 7941 8050
2 8096 8191
2 8192 8280
2 8514 8520
2 8825 8840
2 8914 9116
2 9125 9169
2 9287 9308
2 9353 9381
2 9388 9607
2 9923 9998
2 99 429
2 440 563
2 743 1112
2 1245 1247
2 1463 1468
2 1493 1641
2 1792 1795
2 1828 2017
2 2455 2507
2 2519 2581
2 2638 2945
2 3081 3197
2 3377 3384
2 3387 3533
2 3535 3571
2 3603 3682
2 3742 3931
2 4008 4084
2 4114 4536
2 4541 4576
2 4589 4593
2 4743 4968
2 4998 5202
2 5221 5228
2 5440 5552
2 5618 5634
2 5857 5999
2 6043 6103
2 6236 6360
2 6503 6710
2 6878 6991
2 7035 7113
2 7182 7323
2 7348 7450
2 7597 7705
2 7811 7933
2 8029 8054
2 8121 8512
2 8666 8765
2 8959 9127
2 9228 9290
2 9704 9740
2 9898 9939
2 52 116
2 135 266
2 368 470
2 524 528
2 569 680
2 713 927
2 1025 1104
2 1108 1123
2 1236 1274
2 1343 1457
2 1662 1748
2 1752 1757
2 1776 1893
2 1938 1940
2 1950 2132
2 2286 2640
2 2721 2778
2 2832 2871
2 3198 3435
2 3525 3572
2 3732 3751
2 3755 3876
2 4111 4130
2 4145 4310
2 4418 4580
2 4680 4686
2 4749 4759
2 4812 5069
2 5394 5403
2 5597 5684
2 5818 5878
2 5937 5971
2 6048 6086
2 6182 6190
2 6217 6251
2 6295 6303
2 6369 6461
2 6658 6855
2 7029 7203
2 7379 7396
2 7575 7738
2 8217 8226
2 8271 8300
2 8416 8445
2 8481 8574
2 8587 8649
2 8678 8974
2 9113 9132
2 9317 9334
2 9395 9445
2 9477 9537
2 9708 9782
2 9796 9817
2 9947 9967
2 9992 167
2 223 724
2 989 1033
2 1185 1241
2 1310 1408
2 1448 1617
2 1676 1772
2 1901 2760
2 2767 2845
2 3094 3100
2 3116 3152
2 3215 3245
2 3287 3393
2 3459 3642
2 3815 3829
2 3868 3908
2 3970 4039
2 4086 4159
2 4180 4349
2 4755 4760
2 4864 4999
2 5092 5447
2 5486 5555
2 5560 5826
2 6066 6200
2 6523 6597
2 6909 6916
2 7107 7160
2 7358 7376
2 7378 7455
2 7477 7503
2 8024 8041
2 8157 8188
2 8255 8428
2 8764 8953
2 9012 9040
2 9112 9147
2 9351 9412
2 9455 9480
2 9640 9666
2 9808 9878
2 9916 9949
2 9979 9980
2 259 344
2 495 506
2 625 779
2 1017 1169
2 1379 1428
2 1434 1455
2 1769 1844
2 2145 2366
2 2637 2735
2 2753 3032
2 3056 3148
2 3319 3430
2 3490 3699
2 3826 3957
2 3960 4015
2 4024 4051
2 4081 4152
2 4181 4199
2 4253 4342
2 4350 4396
2 4606 4872
2 4897 4941
2 5033 5050
2 5405 5650
2 5893 5984
2 6004 6241
2 6820 6872
2 6970 7053
2 7244 7317
2 7328 7456
2 8048 8279
2 8467 8483
2 8693 8782
2 8887 8892
2 8905 9053
2 9396 9509
2 9783 9940
2 36 125
2 971 981
2 1019 1089
2 1144 1314
2 1325 1456
2 1458 1730
2 1785 1855
2 2069 2302
2 2445 2491
2 2644 2679
2 2780 2844
2 2865 2869
2 2923 3093
2 3151 3388
2 3404 3556
2 3589 3627
2 3701 3711
2 3921 3979
2 4125 4166
2 4304 4364
2 4454 4471
2 4590 4654
2 4799 4905
2 5109 5230
2 5354 5374
2 5390 5565
2 5571 5654
2 5673 5735
2 5976 6061
2 6067 6194
2 6386 6422
2 6588 6758
2 6793 6802
2 7304 7722
2 7754 7784
2 7816 7837
2 8243 8301
2 8515 8622
2 8706 8843
2 8949 9109
2 9191 9279
2 9310 9422
2 9442 9452
2 9510 9541
2 9731 9758
2 9809 9997
2 276 339
2 518 702
2 718 747
2 841 897
2 994 1048
2 1067 1255
2 1365 1721
2 1913 1926
2 2037 2040
2 2078 2090
2 2130 2276
2 2458 2667
2 2670 2714
2 2815 2851
2 2938 2965
2 2973 2984
2 3160 3190
2 3200 3236
2 3359 3462
2 3709 3713
2 3779 4068
2 4201 4303
2 4338 4348
2 4499 4597
2 4673 4745
2 4869 4927
2 5143 5344
2 5348 5695
2 5704 5871
2 5930 6013
2 6071 6091
2 6092 6204
2 6207 6322
2 6608 6667
2 6732 6877
2 7027 7070
2 7084 7242
2 7411 7538
2 7609 7630
2 7701 7762
2 7765 8184
2 8315 8385
2 8427 8627
2 8705 8769
2 8943 8973
2 9049 9058
2 9064 9288
2 9402 9472
2 9518 9827
2 9831 9897
2 9925 109
2 330 387
2 397 426
2 454 479
2 497 665
2 707 721
2 843 1028
2 1126 1215
2 1239 1394
2 1425 1520
2 1674 1896
2 2004 2015
2 2031 2032
2 2053 2158
2 2187 2197
2 2338 2446
2 2524 2613
2 2654 2675
2 2777 2791
2 2822 2914
2 3036 3071
2 3103 3162
2 3456 3520
2 3659 3723
2 3872 3946
2 3974 3999
2 4003 4250
2 4395 4420
2 4460 4586
2 4862 5103
2 5288 5434
2 5605 5679
2 5737 5738
2 5780 5843
2 5846 5855
2 5858 6164
2 6515 6729
2 6768 6954
2 7073 7193
2 7325 7619
2 7720 7763
2 7930 7976
2 8025 8033
2 8285 8402
2 8544 8664
2 8723 8937
2 9170 9476
2 9707 9753
2 286 488
2 535 543
2 861 913
2 1069 1232
2 1312 1486
2 1637 1680
2 1900 2099
2 2350 2387
2 2542 2606
2 2855 2868
2 2893 2894
2 2992 3067
2 3143 3180
2 3232 3264
2 3342 3733
2 3740 3770
2 4067 4302
2 4378 4624
3 4730 4744 4831
3 4849 5071 5114
3 5204 5248 5307
3 5334 5372 5500
3 5507 5572 5761
3 5805 6041 6555
3 6863 6879 6895
3 6908 7285 7428
3 7505 7562 7572
3 7582 7687 7867
3 8125 8234 8295
3 8352 8378 8484
3 8580 8790 8921
3 9389 9461 9531
3 9598 9653 317
3 442 548 661
3 679 694 969
3 1121 1242 1630
3 1816 1906 1921
3 2027 2135 2321
3 2322 2440 2478
3 2497 3010 3139
3 3182 3433 3604
3 3725 3986 4021
3 4029 4383 4401
3 4585 4815 4908
3 4909 5301 5318
3 5408 5502 5567
3 6001 6032 6165
3 6211 6238 6397
3 6449 6786 6978
3 7044 7161 7199
3 7282 7435 7437
3 7806 7874 7974
3 8088 8216 8482
3 8489 8589 8621
3 8630 8674 8802
3 8884 8976 9056
3 9202 9306 9335
3 9497 9683 9688
3 9756 9790 9924
3 79 90 104
3 166 560 647
3 758 852 933
3 1051 1098 1125
3 1417 1446 1560
3 1643 1797 1991
3 2034 2119 2263
3 2374 2394 2414
3 2482 2534 2547
3 2625 2755 2768
3 2816 2880 3065
3 3231 3304 3351
3 3421 3726 3920
3 3998 4162 4168
3 4295 4366 4472
3 4476 4485 4587
3 4652 4805 4836
3 4970 5031 5089
3 5320 5445 5468
3 5506 5645 5667
3 5987 6362 6465
3 6502 6626 6717
3 6813 6896 7280
3 7366 7449 7497
3 7601 7714 7769
3 7940 8071 8262
3 8324 8339 8394
3 8414 8444 8710
3 8847 8869 8917
3 8926 9077 9466
3 9630 9697 84
3 474 547 599
3 830 879 946
3 951 980 1397
3 1472 1710 1760
3 1863 1875 1914
3 1916 2093 2261
3 2284 2315 2403
3 2496 2710 2738
3 2742 2926 2995
3 3098 3166 3183
3 3548 3601 3609
3 3631 3661 3706
3 3767 3886 3900
3 3967 3989 4049
3 4073 4118 4261
3 4385 4626 4719
3 4751 4776 4974
3 5226 5326 5459
3 5623 5932 5955
3 5975 6214 6287
3 6292 6883 6997
3 7191 7234 7468
3 7519 7537 7563
3 7685 7846 7860
3 7947 8126 8178
3 8358 8369 8386
3 8885 9034 9071
3 9103 9657 9760
3 9801 29 100
3 113 231 351
3 445 490 501
3 580 584 692
3 710 751 790
3 1204 1246 1272
3 1657 1894 1997
3 2041 2113 2114
3 2189 2256 2438
3 2576 2616 3040
3 3113 3140 3163
3 3429 3468 3592
3 3650 3982 4210
3 4225 4268 4324
3 4336 4481 4779
3 4784 4947 5433
3 5564 5687 5711
3 5716 5775 5784
3 5827 6299 6317
3 6335 6346 6424
3 6437 6464 6486
3 6568 6861 6926
3 6951 6995 7188
3 7354 7598 7707
3 7747 7912 8051
3 8057 8182 8317
3 8448 8460 8488
3 8531 8656 8704
3 8799 8841 8909
3 8920 9001 9167
3 9268 9277 9373
3 9676 9739 9915
3 9937 9938 46
3 212 243 460
3 664 787 905
3 1034 1175 1419
3 1600 1659 1697
3 1779 1784 2434
3 2441 2487 2493
3 2501 2539 2559
3 2639 2682 3805
3 3814 4061 4071
3 4190 4204 4278
3 4362 4772 4785
3 4824 5154 5425
3 5490 5656 5707
3 5988 6047 6333
3 6385 6394 6601
3 6657 6893 7004
3 7012 7056 7141
3 7181 7205 7297
3 7331 7472 7482
3 7506 7560 7612
3 7767 7904 7926
3 7952 8072 8149
3 8341 8476 8480
3 9110 9315 9378
3 9515 9654 9757
3 9845 9919 334
3 354 416 705
3 731 813 853
3 873 925 1193
3 1362 1390 1449
3 1482 1702 1715
3 1746 1780 1791
3 1823 1927 2177
3 2429 2430 2494
3 2708 2761 2830
3 2833 2867 3005
3 3013 4083 4101
3 4282 4391 4448
3 4765 4803 4984
3 5065 5087 5283
3 5392 5484 5525
3 5541 5659 5708
3 5743 5821 5927
3 6140 6218 6349
3 6532 6587 6847
3 6889 7006 7126
3 7269 7277 7294
3 7355 7520 7691
3 8018 8042 8060
3 8066 8175 8208
3 8281 8288 8349
3 8357 8690 8718
3 9033 9133 9163
3 9358 9705 9956
3 345 366 592
3 685 732 755
3 941 1007 1281
3 1293 1356 1660
3 1759 1798 2073
3 2182 2615 2648
3 2737 2787 2896
3 2958 2960 3034
3 3238 3317 3397
3 3465 3514 3653
3 3764 4129 4382
3 4431 4615 4647
3 4778 4800 4878
3 5144 5402 5438
3 5520 5524 5647
3 5669 6115 6172
3 6298 6376 6439
3 6489 6575 6589
3 6598 6779 6816
3 6884 6911 6941
3 7158 7173 7195
3 7214 7746 7836
3 7935 8290 8296
3 8343 8577 8687
3 8743 8798 8830
3 8871 8935 8980
3 8983 9231 9242
3 9492 9674 9743
3 9857 9874 9983
3 50 126 285
3 340 386 399
3 408 624 991
3 1041 1156 1629
3 1675 1945 2071
3 2156 2209 2250
3 2339 2396 2626
3 2788 2849 3014
3 3128 3168 3305
3 3507 3537 3569
3 3594 3597 3776
3 4023 4183 4212
3 4213 4223 4319
3 4397 4528 4569
3 5102 5232 5337
3 5411 5435 5532
3 5911 5990 6624
3 6716 6785 6943
3 7028 7324 7470
3 7776 7817 7838
3 7869 7955 8260
3 8261 8327 8518
3 8858 8999 9095
3 9141 9203 9216
3 9404 9408 9574
3 9587 9766 9791
3 9841 80 247
3 282 353 807
3 878 891 945
3 952 1030 1053
3 1150 1173 1240
3 1368 1392 1666
3 1682 1722 1786
3 2118 2183 2214
3 2362 2623 2784
3 2901 2940 3000
3 3470 3524 3613
3 3710 3881 3981
3 4033 4045 4087
3 4182 4189 4296
3 4332 4346 4368
3 4560 4707 4838
3 4881 4991 5011
3 5039 5076 5269
3 5305 5314 5335
3 5452 5830 5841
3 5880 6113 6117
3 6672 6695 6728
3 7137 7146 7284
3 7336 7351 7485
3 7676 7702 7723
3 7879 7998 8145
3 8335 8623 8846
3 8904 8922 9185
3 9405 9665 9672
3 9909 42 233
3 557 712 851
3 855 869 963
3 1229 1375 1431
3 1441 1498 2092
3 2139 2346 2416
3 2421 2624 2981
3 3069 3175 3184
3 3291 3538 3599
3 3606 3676 3702
3 3855 3910 4085
3 4096 4178 4289
3 4455 4542 4629
3 4682 4753 4817
3 5130 5152 5194
3 5249 5300 5455
3 5497 5638 5662
3 5797 5806 6355
3 6538 6665 6688
3 6691 6791 6826
3 6974 7303 7422
3 7604 7644 7718
3 7750 7910 7968
3 8030 8055 8106
3 8140 8583 8634
3 8700 8724 8809
3 8818 8856 8896
3 8901 8925 8939
3 9052 9079 9088
3 9177 9292 9304
3 9439 9516 9579
3 9615 9777 48
3 75 176 585
3 699 742 1024
3 1026 1092 1264
3 1291 1545 1565
3 1919 1962 2195
3 2292 2312 2360
3 2449 2450 2528
3 2820 2979 3250
3 3345 3418 3452
3 3512 3605 3687
3 3737 3952 3964
3 4146 4203 4380
3 4404 4510 4643
3 4729 4809 4900
3 5093 5478 5712
3 5922 5923 6030
3 6089 6413 6689
3 6759 6789 6892
3 6977 7402 7495
3 7615 7698 7728
3 8091 8105 8111
3 8266 8294 8307
3 8510 8588 8699
3 8888 8982 9118
3 9184 9262 9520
3 9639 9928 98
3 232 310 324
3 484 564 667
3 744 874 890
3 918 1128 1384
3 1389 1528 1604
3 1670 1692 1782
3 2233 2599 2917
3 3061 3365 3372
3 3851 3923 3976
3 4075 4140 4171
3 4281 4316 4343
3 4526 4539 4552
3 4945 5022 5115
3 5284 5285 5393
3 5431 5562 5637
3 5795 6372 6530
3 6609 6642 6653
3 6798 6928 6955
3 6992 7023 7128
3 7440 7621 7779
3 7798 7865 7997
3 8112 8306 8308
3 8330 8421 8433
3 8590 8611 8741
3 8852 9080 9293
3 9401 9440 9449
3 9503 9840 9875
3 9911 9936 5
3 122 129 377
3 389 617 657
3 748 754 824
3 985 1268 1269
3 1304 1834 2354
3 2454 2477 2701
3 3207 3483 3510
3 3574 3575 3630
3 3786 3919 3937
3 3954 3996 4007
3 4105 4186 4563
3 4566 4677 4866
3 4915 5084 5110
3 5184 5195 5352
3 5450 5519 5787
3 5953 6011 6037
3 6070 6080 6173
3 6318 6455 6573
3 6603 7213 7225
3 7232 7256 7271
3 7566 7775 8076
3 8146 8471 8496
3 8668 8946 8948
3 9430 9435 9482
3 9504 9558 9562
3 9619 9652 9668
3 9847 14 134
3 265 552 749
3 816 1003 1334
3 1354 1481 1543
3 1548 1607 1644
3 1773 2079 2236
3 2392 2408 2448
3 2650 2813 3063
3 3241 3303 3369
3 3410 3688 3738
3 3874 3938 4242
3 4612 4665 4683
3 5034 5078 5126
3 5261 5264 5561
3 5703 5934 5942
3 6020 6235 6525
3 6564 6572 6891
3 6910 6946 7076
3 7157 7301 7755
3 7996 8070 8082
3 8162 8360 8364
3 8459 8565 8755
3 9391 9416 9522
3 9805 261 364
3 367 369 975
3 1222 1414 1451
3 1537 1596 1689
3 1709 1738 1960
3 2056 2077 2133
3 2180 2188 2219
3 2257 2266 2319
3 2574 2774 2800
3 2856 2913 3739
3 3758 3771 3832
3 3833 3861 4056
3 4117 4192 4299
3 4326 4463 5002
3 5025 5037 5124
3 5145 5223 5290
3 5292 5421 5575
3 5646 6122 6268
3 6347 6482 6760
3 6865 7009 7420
3 7508 7885 8014
3 8245 8408 8558
3 8783 8912 8958
3 9025 9142 9285
3 9463 9508 9565
3 9889 19 26
3 43 127 327
3 357 438 907
3 996 1038 1349
3 1352 1572 1887
3 1903 1907 1925
3 2058 2146 2150
3 2355 2383 2748
3 2779 2826 2840
3 2915 2998 3003
3 3101 3122 3237
3 3269 3432 3489
3 3646 3703 3864
3 3934 4169 4315
3 4321 4424 4437
3 4484 4825 4835
3 4854 4955 5216
3 5315 5501 5648
3 5664 5764 5801
3 5810 5861 5868
3 5992 6027 6124
3 6145 6181 6462
3 6505 6646 6780
3 6819 6900 6966
3 7115 7147 7353
3 7390 7473 7780
3 7905 8194 8205
3 8313 8337 8390
3 8504 8720 8738
3 8902 9069 9273
3 9642 9834 9899
3 9913 9994 95
3 105 400 436
3 447 476 716
3 772 792 892
3 1301 1373 1503
3 1672 1687 1815
3 1990 2255 2283
3 2361 2460 2646
3 2699 2846 2918
3 3224 3289 3298
3 3398 3448 3568
3 3614 3649 4294
3 4329 4446 4827
3 4931 5075 5142
3 5159 5349 5396
3 5465 5546 5739
3 5935 6250 6310
3 6442 6546 6561
3 6663 6781 6838
3 6886 6931 6934
3 6949 7016 7051
3 7240 7403 7414
3 7487 8013 8020
3 8151 8370 8582
3 9144 9195 9343
3 9432 9512 9687
3 9702 9893 21
3 331 595 1052
3 1124 1143 1213
3 1327 1442 1592
3 1602 1605 1957
3 1966 2103 2409
3 2419 2617 2729
3 2818 2969 3007
3 3043 3045 3181
3 3192 3221 3249
3 3284 3403 3554
3 3562 3735 4010
3 4154 4219 4345
3 4924 5415 5582
3 5608 5715 5723
3 5746 5753 5847
3 5867 5996 6029
3 6056 6059 6131
3 6219 6324 6338
3 6348 6440 6521
3 6566 6764 6790
3 6869 6907 6929
3 7080 7124 7373
3 7478 7605 7709
3 7999 8270 8450
3 9115 9385 9627
3 9671 9750 9762
3 1 66 141
3 250 295 363
3 455 504 561
3 619 775 808
3 810 838 1163
3 1623 1698 1871
3 1905 1933 1974
3 2109 2194 2391
3 2443 2471 2763
3 2810 3234 3320
3 3532 3865 3943
3 3958 4138 4256
3 4270 4411 4548
3 4570 4608 4820
3 4901 5306 5420
3 5706 5802 5997
3 6045 6083 6191
3 6247 6501 6894
3 7143 7548 7576
3 8095 8124 8127
3 8130 8354 8371
3 8550 8566 8781
3 9349 9364 9501
3 9593 9596 9727
4 9826 9835 9982 9989
4 382 434 469 496
4 578 681 762 765
4 1078 1531 1655 1968
4 1981 2003 2208 2244
4 2397 2479 2530 2605
4 2631 2724 2792 2796
4 2864 2972 3171 3260
4 3315 3565 3622 3640
4 3660 3683 3774 3820
4 3835 3948 4277 4429
4 4888 5358 5412 5655
4 5660 5765 5768 5781
4 5799 5866 6062 6099
4 6100 6262 6423 6487
4 6548 6599 6641 6687
4 6755 6801 6975 7207
4 7462 7517 7635 7918
4 8007 8107 8283 8399
4 8669 8688 8708 8792
4 8829 8995 9104 9199
4 9253 9392 9403 9437
4 9485 9621 9643 9729
4 9803 187 239 254
4 601 612 614 704
4 715 785 1328 1633
4 2001 2021 2178 2225
4 2336 2468 2666 2704
4 2744 2794 2838 2857
4 3366 3458 3598 3634
4 3638 3971 4119 4433
4 4503 4540 4568 4816
4 4993 5053 5054 5091
4 5185 5289 5302 5580
4 6120 6135 6169 6249
4 6388 6610 6625 6836
4 6837 6979 7049 7254
4 7265 7295 7352 7568
4 7587 7591 7593 7681
4 7892 7979 8016 8181
4 8269 8526 8551 8719
4 8774 8942 8966 9054
4 9130 9174 9377 9728
4 9763 9781 9945 119
4 277 505 979 1008
4 1083 1088 1103 1294
4 1386 1421 1459 1733
4 1794 2067 2084 2270
4 2275 2371 2630 2970
4 2976 3066 3159 3172
4 3666 3729 3856 3918
4 3995 4005 4037 4127
4 4353 4492 4674 4756
4 4844 5129 5196 5224
4 5242 5692 5842 5894
4 5914 5946 5956 5974
4 6044 6286 6706 6810
4 7164 7288 7539 7620
4 7891 7913 8078 8236
4 8351 8586 8657 8878
4 8899 8962 9039 9108
4 9160 9219 9352 9424
4 9563 9789 9867 9872
4 581 832 1057 1070
4 1544 1626 2076 2262
4 2521 2678 2902 3009
4 3077 3204 3283 3374
4 3501 3552 3560 3668
4 3848 3925 4070 4121
4 4306 4370 4436 4531
4 4700 4735 4850 4852
4 5111 5138 5193 5339
4 5670 5688 5852 6025
4 6106 6368 6488 6771
4 7046 7370 7380 7737
4 7831 7967 8292 8788
4 9026 9207 9244 9677
4 9926 390 606 623
4 966 967 1042 1155
4 1263 1366 1860 1956
4 1967 1977 2131 2174
4 2249 2316 2327 2513
4 2690 2739 2850 2930
4 3354 3392 3528 3731
4 3867 3975 4110 4115
4 4142 4288 4341 4515
4 4530 4698 4782 4873
4 4936 4988 5180 5217
4 5303 5369 5432 5750
4 5874 6014 6504 6679
4 6723 7038 7263 7287
4 7341 7442 7893 8083
4 8122 8377 8547 8844
4 8848 9005 9018 9066
4 9090 9493 9513 9544
4 9792 107 190 237
4 244 262 410 503
4 553 1005 1189 1267
4 1315 1402 1489 1758
4 1826 2171 2251 2411
4 2474 2925 3033 3408
4 3478 3481 3675 3741
4 3909 3953 4035 4113
4 4274 4408 4620 4963
4 5012 5256 5353 5367
4 5748 5967 6072 6345
4 6379 6507 6807 6888
4 7180 7227 7300 7498
4 7599 7645 7649 7739
4 7760 7787 7794 7866
4 7909 7928 8017 8023
4 8099 8274 8329 8391
4 8552 8598 8672 9153
4 9180 9211 9249 9355
4 9658 9912 235 284
4 294 352 475 637
4 809 1055 1141 1219
4 1225 1338 1490 1539
4 1576 1628 2097 2291
4 2347 2523 2557 2860
4 2967 3068 3219 3358
4 3714 4216 4280 4458
4 4618 4795 4919 5036
4 5137 5201 5218 5360
4 5407 5454 5485 5521
4 5675 6019 6057 6406
4 6460 6684 6734 6982
4 7062 7122 7625 7853
4 7886 8195 8422 8436
4 8522 8647 8807 8817
4 8838 8963 9138 9206
4 9444 9462 9842 138
4 140 162 856 920
4 950 1018 1109 1151
4 1218 1319 1324 1438
4 1506 1645 1741 1931
4 2269 2379 2473 2580
4 2688 2717 2829 2888
4 3326 3915 4022 4042
4 4123 4234 4317 4658
4 4834 4920 5179 5220
4 5436 5456 5876 5995
4 6105 6660 6683 6765
4 6825 7089 7200 7235
4 7389 7570 7657 7679
4 7873 7901 8237 8323
4 8505 8528 8827 9017
4 9257 9331 9348 9379
4 9384 9681 9798 9902
4 9951 9975 222 242
4 629 736 942 993
4 1054 1663 1982 2568
4 2876 3039 3314 3500
4 3612 3768 3837 3907
4 4053 4120 4257 4266
4 4409 4500 4697 4781
4 5079 5127 5247 5331
4 5458 5491 5499 5661
4 5668 5701 5789 5960
4 6277 6374 6817 6829
4 6950 6996 7002 7224
4 7293 7335 7429 7535
4 7771 8213 8497 8521
4 8760 8813 9136 9266
4 9427 9661 9700 9955
4 9970 248 337 519
4 591 632 696 761
4 788 943 957 1076
4 1223 1410 1515 1803
4 1805 1858 1885 2044
4 2230 2680 2698 2720
4 2790 2801 3046 3270
4 3423 3684 3801 4065
4 4128 4243 4761 4764
4 4930 4944 4967 5293
4 5317 5395 5464 5554
4 5636 5642 5749 5755
4 6281 6527 6670 6707
4 6806 6918 7020 7031
4 7438 8366 8451 8536
4 8620 8906 8936 8979
4 9278 9309 9409 9591
4 9616 9786 9903 9969
4 9973 216 427 1022
4 1064 1068 1217 1243
4 1285 1345 1443 1530
4 1567 1872 2042 2204
4 2248 2306 2349 2620
4 2910 3054 3119 3179
4 3290 3349 3588 3624
4 3658 3890 4013 4313
4 4519 4645 5021 5123
4 5135 5545 5604 5726
4 5760 5798 5936 6274
4 6403 6536 6750 6940
4 7106 7112 7350 7571
4 7801 7932 8113 8158
4 8171 8223 8246 8254
4 8291 8319 8735 8945
4 9076 9237 9318 9339
4 9622 9950 8 64
4 165 196 267 492
4 527 570 1091 1303
4 1391 1473 1691 1745
4 1995 2018 2181 3048
4 3079 3331 3447 3693
4 3762 3763 4012 4080
4 4133 4195 4227 4239
4 4413 4583 4684 4868
4 5160 5267 5311 5388
4 5588 5685 5943 6073
4 6114 6661 6718 6840
4 6858 7339 7486 7670
4 8090 8100 8185 8227
4 8302 8368 8389 8458
4 8913 9045 9236 9258
4 9387 9645 9904 9960
4 74 158 220 374
4 510 572 670 1578
4 1727 1852 2054 2088
4 2253 2299 2332 2476
4 2696 2734 2743 2885
4 2919 3026 3111 3400
4 3446 3936 4082 4109
4 4414 4423 4757 4895
4 5027 5309 5528 5603
4 5639 5677 5822 6150
4 6239 6272 6378 6427
4 6512 6652 6709 6875
4 6885 7185 7421 7476
4 7843 7894 8400 8424
4 8772 8867 9037 9178
4 9254 9303 9589 9641
4 9735 9883 555 567
4 650 700 928 1035
4 1176 1295 1337 1346
4 1435 1454 1608 1859
4 1970 2107 2140 2561
4 2660 2997 3667 3722
4 3988 4006 4198 4229
4 4300 4360 4547 5015
4 5057 5105 5542 5689
4 5690 5709 6518 6543
4 6767 6860 6866 7025
4 7241 7347 7377 7646
4 7854 8156 8230 8475
4 8928 9208 9291 9347
4 9764 91 380 587
4 609 646 812 1145
4 1186 1550 1686 1999
4 2075 2100 2224 2301
4 2594 2614 2693 2703
4 3255 3328 3471 3494
4 3625 3901 4108 4191
4 4494 4512 4533 4610
4 4728 4740 4763 4962
4 4985 5063 5070 5296
4 5537 5543 5624 5674
4 5767 5940 5963 6305
4 6321 6438 6458 6496
4 6593 6815 7063 7345
4 7417 7611 7773 7897
4 8443 8660 8730 8739
4 8762 8831 9470 9628
4 9723 9733 904 1474
4 1582 2238 2651 2659
4 3018 3177 3187 3218
4 3251 3360 3734 3772
4 3797 3847 3897 3968
4 4025 4028 4309 4642
4 5003 5095 5298 5321
4 5384 5591 5734 5888
4 5969 6049 6183 6783
4 6986 7283 7383 7398
4 7401 7493 7690 7735
4 7842 8174 8469 8594
4 8748 8832 8882 9074
4 9155 9224 9804 260
4 329 391 423 777
4 822 1016 1183 1320
4 1355 1447 1557 1585
4 1631 1647 1811 1890
4 2052 2176 2285 2348
4 2863 2978 3016 3243
4 3310 3363 3427 3440
4 3633 3780 4158 4416
4 4584 5009 5176 5222
4 5404 5680 5862 6033
4 6151 6224 6282 6285
4 6395 7001 7192 7474
4 7628 7637 8077 8278
4 8345 8495 8513 8557
4 8655 8883 8893 9082
4 9393 9469 9662 9772
4 9839 88 536 566
4 671 763 815 880
4 1066 1195 1289 1599
4 1829 1850 2229 2359
4 2365 2515 2658 2665
4 2756 2897 2955 3019
4 3051 3194 3296 3486
4 3823 3871 4122 4417
4 4712 4721 4738 4937
4 5088 5322 5423 5495
4 5568 5691 5792 5925
4 5928 5961 5964 6167
4 6535 6644 6930 7257
4 7360 7511 7651 7749
4 7887 8062 8170 8219
4 8676 8969 9030 9117
4 9316 9369 9934 9943
4 112 114 299 544
4 607 1039 1211 1555
4 1764 1832 1862 1864
4 2352 2433 2633 2700
4 2909 2933 3109 3158
4 3414 3434 3453 3529
4 3549 3644 3852 4271
4 4365 4422 4441 4466
4 4733 4828 5263 5275
4 5347 5364 5473 5479
4 5722 5892 5929 6009
4 6622 6634 6880 6881
4 6945 7162 7260 7364
4 7797 7840 7858 8503
4 8532 8595 8631 8763
4 8812 9084 9371 9547
4 9788 9794 9811 9905
4 306 418 481 486
4 549 577 764 829
4 1254 1348 1460 1465
4 1911 1989 2505 2540
4 2636 2663 3064 3157
4 3341 3395 3417 3472
4 3680 4272 4334 4377
4 4421 4443 5365 5493
4 5509 5595 5924 5968
4 6069 6108 6314 6445
4 6447 6871 7120 7156
4 7171 7174 7484 7585
4 7845 7977 7987 8087
4 8221 8265 9006 9087
4 9217 9465 9610 9625
4 9696 9800 228 272
4 498 521 690 720
4 798 806 870 910
4 964 1097 1107 1182
4 1470 1690 1838 1881
4 2126 2211 2492 2622
4 2653 2834 2931 2966
4 3095 3102 3164 3211
4 3350 3415 3487 3961
4 3977 4389 4445 4507
4 4625 4660 4741 5328
4 5417 5437 5576 5581
4 5717 5790 5837 5985
4 6094 6201 6209 6375
4 6470 6556 6633 6933
4 7154 7184 7392 7458
4 7655 7802 7958 8209
4 8569 8820 9360 9447
4 9505 9829 9886 9991
4 77 202 298 485
4 571 641 799 1102
4 1113 1153 1252 1258
4 1437 1477 1511 1525
4 1619 1706 2029 2122
4 2363 2607 2921 3118
4 3405 3450 4218 4287
4 4513 4614 4780 5215
4 5516 6024 6330 6830
4 7159 7327 7465 7528
4 8373 8549 8581 8600
4 8661 8744 9021 9099
4 9410 9448 9774 542
4 997 1216 1273 1358
4 1588 1813 1924 1929
4 1941 2426 2569 2681
4 2842 2847 2908 2916
4 3025 3084 3090 3165
4 3193 3202 3346 3637
4 4027 4676 4794 5080
4 5297 5786 6153 6453
4 6591 6745 6787 6808
4 6854 6876 7055 7072
4 7513 7949 8052 8154
4 8173 8944 9324 9693
4 9884 191 309 314
4 448 939 1158 1395
4 2370 2518 2552 2959
4 3073 3138 3333 3497
4 3522 3898 4384 4938
4 5282 5376 5439 5884
4 5887 6082 6341 6358
4 6615 6968 7311 7719
4 7973 8131 8211 8312
4 8749 8805 8826 8891
4 9000 9081 9139 9226
4 9330 9484 9495 9646
4 9669 9673 9694 466
4 1095 1139 1207 1317
4 1857 1944 2013 2082
4 2142 2562 2882 3254
4 3279 3477 3488 3670
4 4258 4486 4575 4971
4 5030 5068 5272 5351
4 5428 5589 5757 5965
4 5978 6081 6179 6278
4 6344 6382 6763 6912
4 6947 6967 6969 7109
4 7111 7125 7246 7299
4 7394 7531 8303 8681
4 8703 8717 8890 8998
4 9438 9601 9814 9865
4 106 215 315 326
4 515 517 805 1075
4 1079 1278 1499 2049
4 2511 2526 2757 2948
4 3080 3150 3335 3409
4 3426 3479 4393 4609
4 5252 5569 5601 5698
4 5788 6186 6754 7131
4 7372 7405 8008 8257
4 8499 8662 8927 9027
4 9046 9120 9188 9964
4 2 271 411 449
4 531 600 776 940
4 974 1060 1306 1407
4 1693 1947 2175 2372
4 2517 2745 3086 3600
4 3700 3790 4014 4020
4 4160 4205 4710 4715
4 4885 5072 5259 6101
4 6154 6162 6166 6468
4 6542 6579 6708 6737
4 6948 6999 7040 7066
4 7081 7272 7492 7638
4 7808 7871 8356 8365
4 8396 8533 9023 9212
4 9255 9685 9815 9832
4 9854 169 308 627
4 961 988 1168 2218
4 2314 2325 2452 2587
4 2725 2782 2831 2993
4 3070 3091 3240 3663
4 3863 3928 4040 4077
4 4148 4153 4177 4648
4 4718 4797 4829 4896
4 5018 5169 5241 5286
4 5877 5889 6216 6269
4 6392 6416 6619 6621
4 6845 7007 7268 7527
4 7857 8053 9098 9881
4 12 130 175 450
4 759 768 1000 1077
4 1846 1902 1973 2108
4 2168 2510 2611 2635
4 2866 2936 3117 3195
4 3419 3707 4373 4846
4 5055 5147 5596 5614
4 5678 6401 6749 6773
4 6919 7052 7211 7245
4 7258 7332 7654 7781
4 7827 7916 8039 8073
4 8615 8646 9190 9233
4 9506 9837 9990 41
4 181 338 523 638
4 653 672 1297 1518
4 1547 1579 1802 2147
4 3030 3325 3577 3669
4 3785 4018 4616 4672
4 4737 5117 5607 6136
4 6230 6288 6354 7047
4 7623 7982 7988 8065
4 8248 8331 8596 8605
4 8836 9032 9478 255
4 323 786 895 1413
4 1541 1594 1635 2066
4 2543 2695 2740 2773
4 2821 3222 3373 3444
4 3502 4327 4701 4802
4 4819 5038 5150 5274
4 5469 5740 5816 5851
4 6402 6832 6905 6924
4 7058 7306 7334 7343
4 7433 7656 7732 7766
4 7772 7855 7900 8381
4 8419 8446 8463 8742
4 8881 8933 9175 9473
4 9623 9648 9706 837
4 871 881 965 1059
4 1333 1412 1466 1580
4 1597 1658 1942 2116
4 2161 2200 2420 2436
4 2692 2890 3173 3210
4 3217 3242 3391 3495
4 3585 3813 4002 4247
4 4768 5807 5973 6006
4 6018 6055 6339 6562
4 6743 6751 6921 7660
4 7989 8128 8155 8559
4 8560 8819 9193 9240
4 9259 9312 9479 9682
4 38 51 72 686
4 695 1020 1082 1575
4 2415 2424 2502 2504
4 2551 3110 3321 3467
4 3695 4184 4444 4739
4 5032 5419 5782 6143
4 6435 6441 6650 6730
4 6804 6868 7381 7745
4 7919 8147 8214 8429
4 8610 8628 8794 8855
4 9010 9145 9821 269
4 1478 1521 1808 1882
4 2522 2537 2597 2797
4 3027 3348 3492 3503
4 3916 4059 4269 4956
4 5133 5188 5238 5273
4 5742 5921 6065 6142
4 6474 6753 6797 7015
4 7061 7239 7279 7431
4 7626 7872 8228 8251
4 8415 8540 8624 8713
4 9020 9041 9051 9298
4 9345 9375 9434 9634
4 9890 161 677 697
4 1198 1559 1581 2157
4 2839 2906 3041 3049
4 3057 3133 3220 3338
4 4050 4157 4464 4602
4 4666 4813 5120 5225
4 5299 5463 5811 5890
4 5915 6088 6284 6400
4 6788 6939 7270 8104
4 8474 8768 8951 8972
4 9050 9322 9536 9851
4 9981 394 598 626
4 660 734 826 1187
4 1405 1462 1558 1583
4 1854 2051 2128 2691
4 3256 3343 3671 3759
4 3804 4354 4457 4594
4 4641 4806 5141 5512
4 6000 6007 6054 6109
4 6212 6337 6343 6390
4 6618 6714 7179 7321
4 7342 7564 7668 7716
4 8359 8599 8604 8685
4 9060 9107 9386 9474
4 9500 814 938 1162
4 1444 1920 2380 2423
4 2439 2823 2889 2963
4 3399 3586 3623 4505
4 4545 4754 4928 4954
4 5099 5333 5448 5453
4 6319 6493 6570 6606
4 6690 6704 6821 7099
4 7266 7467 8455 8747
4 8984 8988 9245 9248
4 9284 9592 9664 9812
4 9869 273 493 546
4 888 1002 1238 1298
4 1424 1540 1613 2104
4 2121 2603 2895 3074
4 3191 3796 4263 4379
4 4667 5444 5535 5766
4 5814 5819 6074 6079
4 7167 7217 7481 7652
4 7661 7717 7829 7844
4 7848 8203 8232 8275
4 8439 8545 8695 8761
4 8957 8992 9057 9097
4 9176 9281 9370 9399
4 9586 9608 9715 322
4 537 823 1065 1265
4 1399 1436 1551 1766
4 1954 2186 2202 2377
4 2770 2886 2988 3259
4 3329 3455 3602 3616
4 3662 4165 4231 4388
4 4517 4622 4752 4762
4 4769 5113 5162 5498
4 5700 6039 6508 6511
4 6554 6694 6776 8012